{"/Users/nina/Documents/Reprositories/Hexlet_projects/taskManager/knexfile.js": {"path":"/Users/nina/Documents/Reprositories/Hexlet_projects/taskManager/knexfile.js","statementMap":{"0":{"start":{"line":4,"column":18},"end":{"line":4,"column":62}},"1":{"start":{"line":6,"column":19},"end":{"line":8,"column":1}},"2":{"start":{"line":10,"column":27},"end":{"line":17,"column":1}},"3":{"start":{"line":19,"column":20},"end":{"line":25,"column":1}},"4":{"start":{"line":27,"column":26},"end":{"line":32,"column":1}}},"fnMap":{},"branchMap":{},"s":{"0":8,"1":8,"2":8,"3":8,"4":8},"f":{},"b":{},"_coverageSchema":"1a1c01bbd47fc00a2c39e90264f33305004495a9","hash":"f019f0e607faeb85bd64a34aed86b10b9f0f8c3a"}
,"/Users/nina/Documents/Reprositories/Hexlet_projects/taskManager/server/helpers/index.js": {"path":"/Users/nina/Documents/Reprositories/Hexlet_projects/taskManager/server/helpers/index.js","statementMap":{"0":{"start":{"line":4,"column":25},"end":{"line":30,"column":1}},"1":{"start":{"line":6,"column":4},"end":{"line":6,"column":29}},"2":{"start":{"line":9,"column":4},"end":{"line":9,"column":26}},"3":{"start":{"line":13,"column":4},"end":{"line":24,"column":5}},"4":{"start":{"line":15,"column":8},"end":{"line":15,"column":24}},"5":{"start":{"line":17,"column":8},"end":{"line":17,"column":24}},"6":{"start":{"line":19,"column":8},"end":{"line":19,"column":25}},"7":{"start":{"line":21,"column":8},"end":{"line":21,"column":22}},"8":{"start":{"line":23,"column":8},"end":{"line":23,"column":57}},"9":{"start":{"line":27,"column":17},"end":{"line":27,"column":30}},"10":{"start":{"line":28,"column":4},"end":{"line":28,"column":33}}},"fnMap":{"0":{"name":"(anonymous_0)","decl":{"start":{"line":4,"column":15},"end":{"line":4,"column":16}},"loc":{"start":{"line":4,"column":25},"end":{"line":30,"column":1}},"line":4},"1":{"name":"(anonymous_1)","decl":{"start":{"line":5,"column":2},"end":{"line":5,"column":3}},"loc":{"start":{"line":5,"column":14},"end":{"line":7,"column":3}},"line":5},"2":{"name":"(anonymous_2)","decl":{"start":{"line":8,"column":2},"end":{"line":8,"column":3}},"loc":{"start":{"line":8,"column":9},"end":{"line":10,"column":3}},"line":8},"3":{"name":"(anonymous_3)","decl":{"start":{"line":12,"column":2},"end":{"line":12,"column":3}},"loc":{"start":{"line":12,"column":22},"end":{"line":25,"column":3}},"line":12},"4":{"name":"(anonymous_4)","decl":{"start":{"line":26,"column":2},"end":{"line":26,"column":3}},"loc":{"start":{"line":26,"column":18},"end":{"line":29,"column":3}},"line":26}},"branchMap":{"0":{"loc":{"start":{"line":13,"column":4},"end":{"line":24,"column":5}},"type":"switch","locations":[{"start":{"line":14,"column":6},"end":{"line":15,"column":24}},{"start":{"line":16,"column":6},"end":{"line":17,"column":24}},{"start":{"line":18,"column":6},"end":{"line":19,"column":25}},{"start":{"line":20,"column":6},"end":{"line":21,"column":22}},{"start":{"line":22,"column":6},"end":{"line":23,"column":57}}],"line":13}},"s":{"0":33,"1":0,"2":164,"3":1,"4":0,"5":0,"6":1,"7":0,"8":0,"9":7,"10":7},"f":{"0":33,"1":0,"2":164,"3":1,"4":7},"b":{"0":[0,0,1,0,0]},"_coverageSchema":"1a1c01bbd47fc00a2c39e90264f33305004495a9","hash":"ac7b1f36355b7c24319bf5bca3ebdeff692fb04b"}
,"/Users/nina/Documents/Reprositories/Hexlet_projects/taskManager/server/lib/secure.cjs": {"path":"/Users/nina/Documents/Reprositories/Hexlet_projects/taskManager/server/lib/secure.cjs","statementMap":{"0":{"start":{"line":1,"column":15},"end":{"line":1,"column":32}},"1":{"start":{"line":6,"column":0},"end":{"line":7,"column":58}},"2":{"start":{"line":7,"column":2},"end":{"line":7,"column":57}}},"fnMap":{"0":{"name":"(anonymous_0)","decl":{"start":{"line":6,"column":17},"end":{"line":6,"column":18}},"loc":{"start":{"line":7,"column":2},"end":{"line":7,"column":57}},"line":7}},"branchMap":{},"s":{"0":8,"1":8,"2":219},"f":{"0":219},"b":{},"inputSourceMap":null,"_coverageSchema":"1a1c01bbd47fc00a2c39e90264f33305004495a9","hash":"e4719b39d10265ea3dced2a95210096d132585a2"}
,"/Users/nina/Documents/Reprositories/Hexlet_projects/taskManager/server/lib/passportStrategies/FormStrategy.js": {"path":"/Users/nina/Documents/Reprositories/Hexlet_projects/taskManager/server/lib/passportStrategies/FormStrategy.js","statementMap":{"0":{"start":{"line":6,"column":4},"end":{"line":6,"column":16}},"1":{"start":{"line":7,"column":4},"end":{"line":7,"column":19}},"2":{"start":{"line":11,"column":4},"end":{"line":13,"column":5}},"3":{"start":{"line":12,"column":6},"end":{"line":12,"column":25}},"4":{"start":{"line":15,"column":18},"end":{"line":15,"column":57}},"5":{"start":{"line":16,"column":21},"end":{"line":16,"column":63}},"6":{"start":{"line":17,"column":23},"end":{"line":17,"column":41}},"7":{"start":{"line":18,"column":17},"end":{"line":18,"column":61}},"8":{"start":{"line":19,"column":4},"end":{"line":21,"column":5}},"9":{"start":{"line":20,"column":6},"end":{"line":20,"column":32}},"10":{"start":{"line":23,"column":4},"end":{"line":23,"column":23}}},"fnMap":{"0":{"name":"(anonymous_0)","decl":{"start":{"line":5,"column":2},"end":{"line":5,"column":3}},"loc":{"start":{"line":5,"column":25},"end":{"line":8,"column":3}},"line":5},"1":{"name":"(anonymous_1)","decl":{"start":{"line":10,"column":2},"end":{"line":10,"column":3}},"loc":{"start":{"line":10,"column":30},"end":{"line":24,"column":3}},"line":10}},"branchMap":{"0":{"loc":{"start":{"line":11,"column":4},"end":{"line":13,"column":5}},"type":"if","locations":[{"start":{"line":11,"column":4},"end":{"line":13,"column":5}},{"start":{},"end":{}}],"line":11},"1":{"loc":{"start":{"line":19,"column":4},"end":{"line":21,"column":5}},"type":"if","locations":[{"start":{"line":19,"column":4},"end":{"line":21,"column":5}},{"start":{},"end":{}}],"line":19},"2":{"loc":{"start":{"line":19,"column":8},"end":{"line":19,"column":45}},"type":"binary-expr","locations":[{"start":{"line":19,"column":8},"end":{"line":19,"column":12}},{"start":{"line":19,"column":16},"end":{"line":19,"column":45}}],"line":19}},"s":{"0":33,"1":33,"2":37,"3":1,"4":36,"5":36,"6":36,"7":36,"8":36,"9":35,"10":1},"f":{"0":33,"1":37},"b":{"0":[1,36],"1":[35,1],"2":[36,36]},"_coverageSchema":"1a1c01bbd47fc00a2c39e90264f33305004495a9","hash":"98071cfde27301bc664ccd25269350a7beaefd53"}
,"/Users/nina/Documents/Reprositories/Hexlet_projects/taskManager/server/locales/en/errors.js": {"path":"/Users/nina/Documents/Reprositories/Hexlet_projects/taskManager/server/locales/en/errors.js","statementMap":{},"fnMap":{},"branchMap":{},"s":{},"f":{},"b":{},"_coverageSchema":"1a1c01bbd47fc00a2c39e90264f33305004495a9","hash":"5150e1a5fc63376a2f9df824a79ed3296d7a009e"}
,"/Users/nina/Documents/Reprositories/Hexlet_projects/taskManager/server/locales/en/flash.js": {"path":"/Users/nina/Documents/Reprositories/Hexlet_projects/taskManager/server/locales/en/flash.js","statementMap":{},"fnMap":{},"branchMap":{},"s":{},"f":{},"b":{},"_coverageSchema":"1a1c01bbd47fc00a2c39e90264f33305004495a9","hash":"887cd50b3c9b8e0ac5be11126f5cfde689d6b641"}
,"/Users/nina/Documents/Reprositories/Hexlet_projects/taskManager/server/locales/en/index.js": {"path":"/Users/nina/Documents/Reprositories/Hexlet_projects/taskManager/server/locales/en/index.js","statementMap":{},"fnMap":{},"branchMap":{},"s":{},"f":{},"b":{},"_coverageSchema":"1a1c01bbd47fc00a2c39e90264f33305004495a9","hash":"fdcf813917d704cd659f6e139bf6d90e16844713"}
,"/Users/nina/Documents/Reprositories/Hexlet_projects/taskManager/server/locales/en/layouts.js": {"path":"/Users/nina/Documents/Reprositories/Hexlet_projects/taskManager/server/locales/en/layouts.js","statementMap":{},"fnMap":{},"branchMap":{},"s":{},"f":{},"b":{},"_coverageSchema":"1a1c01bbd47fc00a2c39e90264f33305004495a9","hash":"1786bf70f03e643549e0fea8ef313bb97214bc19"}
,"/Users/nina/Documents/Reprositories/Hexlet_projects/taskManager/server/locales/en/views/labels.js": {"path":"/Users/nina/Documents/Reprositories/Hexlet_projects/taskManager/server/locales/en/views/labels.js","statementMap":{},"fnMap":{},"branchMap":{},"s":{},"f":{},"b":{},"_coverageSchema":"1a1c01bbd47fc00a2c39e90264f33305004495a9","hash":"6632da98d7ecaf3d16272b539038d48cd4b4a8d9"}
,"/Users/nina/Documents/Reprositories/Hexlet_projects/taskManager/server/locales/en/views/session.js": {"path":"/Users/nina/Documents/Reprositories/Hexlet_projects/taskManager/server/locales/en/views/session.js","statementMap":{},"fnMap":{},"branchMap":{},"s":{},"f":{},"b":{},"_coverageSchema":"1a1c01bbd47fc00a2c39e90264f33305004495a9","hash":"15e5d2694fbe1544763c5fd538151a3f091c5f64"}
,"/Users/nina/Documents/Reprositories/Hexlet_projects/taskManager/server/locales/en/views/statuses.js": {"path":"/Users/nina/Documents/Reprositories/Hexlet_projects/taskManager/server/locales/en/views/statuses.js","statementMap":{},"fnMap":{},"branchMap":{},"s":{},"f":{},"b":{},"_coverageSchema":"1a1c01bbd47fc00a2c39e90264f33305004495a9","hash":"9f709e81ca9eb32208057450961b2372ddde9095"}
,"/Users/nina/Documents/Reprositories/Hexlet_projects/taskManager/server/locales/en/views/tasks.js": {"path":"/Users/nina/Documents/Reprositories/Hexlet_projects/taskManager/server/locales/en/views/tasks.js","statementMap":{},"fnMap":{},"branchMap":{},"s":{},"f":{},"b":{},"_coverageSchema":"1a1c01bbd47fc00a2c39e90264f33305004495a9","hash":"d009a981c19c1b3f87aca4ff30fb05e762694381"}
,"/Users/nina/Documents/Reprositories/Hexlet_projects/taskManager/server/locales/en/views/users.js": {"path":"/Users/nina/Documents/Reprositories/Hexlet_projects/taskManager/server/locales/en/views/users.js","statementMap":{},"fnMap":{},"branchMap":{},"s":{},"f":{},"b":{},"_coverageSchema":"1a1c01bbd47fc00a2c39e90264f33305004495a9","hash":"0fb1ecf7162ccc14c506adb97d566cd5a71da5d7"}
,"/Users/nina/Documents/Reprositories/Hexlet_projects/taskManager/server/locales/en/views/welcome.js": {"path":"/Users/nina/Documents/Reprositories/Hexlet_projects/taskManager/server/locales/en/views/welcome.js","statementMap":{},"fnMap":{},"branchMap":{},"s":{},"f":{},"b":{},"_coverageSchema":"1a1c01bbd47fc00a2c39e90264f33305004495a9","hash":"db7ce68070739626f7887c133ae1be3e8e16931f"}
,"/Users/nina/Documents/Reprositories/Hexlet_projects/taskManager/server/locales/ru/errors.js": {"path":"/Users/nina/Documents/Reprositories/Hexlet_projects/taskManager/server/locales/ru/errors.js","statementMap":{},"fnMap":{},"branchMap":{},"s":{},"f":{},"b":{},"_coverageSchema":"1a1c01bbd47fc00a2c39e90264f33305004495a9","hash":"1ff61f4b64ca427913f72859c8f1f1796b468dac"}
,"/Users/nina/Documents/Reprositories/Hexlet_projects/taskManager/server/locales/ru/flash.js": {"path":"/Users/nina/Documents/Reprositories/Hexlet_projects/taskManager/server/locales/ru/flash.js","statementMap":{},"fnMap":{},"branchMap":{},"s":{},"f":{},"b":{},"_coverageSchema":"1a1c01bbd47fc00a2c39e90264f33305004495a9","hash":"6b705536681df8ce197d3db0be8c0fd2648e9d7c"}
,"/Users/nina/Documents/Reprositories/Hexlet_projects/taskManager/server/locales/ru/index.js": {"path":"/Users/nina/Documents/Reprositories/Hexlet_projects/taskManager/server/locales/ru/index.js","statementMap":{},"fnMap":{},"branchMap":{},"s":{},"f":{},"b":{},"_coverageSchema":"1a1c01bbd47fc00a2c39e90264f33305004495a9","hash":"c20485c1c43643e89248231d4d59e62a3f3d1482"}
,"/Users/nina/Documents/Reprositories/Hexlet_projects/taskManager/server/locales/ru/layouts.js": {"path":"/Users/nina/Documents/Reprositories/Hexlet_projects/taskManager/server/locales/ru/layouts.js","statementMap":{},"fnMap":{},"branchMap":{},"s":{},"f":{},"b":{},"_coverageSchema":"1a1c01bbd47fc00a2c39e90264f33305004495a9","hash":"f71a96ee9839f7b1b1d72f5c282e64c8cfb55f86"}
,"/Users/nina/Documents/Reprositories/Hexlet_projects/taskManager/server/locales/ru/views/labels.js": {"path":"/Users/nina/Documents/Reprositories/Hexlet_projects/taskManager/server/locales/ru/views/labels.js","statementMap":{},"fnMap":{},"branchMap":{},"s":{},"f":{},"b":{},"_coverageSchema":"1a1c01bbd47fc00a2c39e90264f33305004495a9","hash":"82c4f04a77150cc2951a6618a8634038a781c151"}
,"/Users/nina/Documents/Reprositories/Hexlet_projects/taskManager/server/locales/ru/views/session.js": {"path":"/Users/nina/Documents/Reprositories/Hexlet_projects/taskManager/server/locales/ru/views/session.js","statementMap":{},"fnMap":{},"branchMap":{},"s":{},"f":{},"b":{},"_coverageSchema":"1a1c01bbd47fc00a2c39e90264f33305004495a9","hash":"3dade59584d4e3d75397c0fbfda3ac6c3a86d76c"}
,"/Users/nina/Documents/Reprositories/Hexlet_projects/taskManager/server/locales/ru/views/statuses.js": {"path":"/Users/nina/Documents/Reprositories/Hexlet_projects/taskManager/server/locales/ru/views/statuses.js","statementMap":{},"fnMap":{},"branchMap":{},"s":{},"f":{},"b":{},"_coverageSchema":"1a1c01bbd47fc00a2c39e90264f33305004495a9","hash":"cd9e4d11ff7942503c4654d6bb2ea4fa825ff1ae"}
,"/Users/nina/Documents/Reprositories/Hexlet_projects/taskManager/server/locales/ru/views/tasks.js": {"path":"/Users/nina/Documents/Reprositories/Hexlet_projects/taskManager/server/locales/ru/views/tasks.js","statementMap":{},"fnMap":{},"branchMap":{},"s":{},"f":{},"b":{},"_coverageSchema":"1a1c01bbd47fc00a2c39e90264f33305004495a9","hash":"df0997c7d8e831969f44b47c9c0b60a110a16457"}
,"/Users/nina/Documents/Reprositories/Hexlet_projects/taskManager/server/locales/ru/views/users.js": {"path":"/Users/nina/Documents/Reprositories/Hexlet_projects/taskManager/server/locales/ru/views/users.js","statementMap":{},"fnMap":{},"branchMap":{},"s":{},"f":{},"b":{},"_coverageSchema":"1a1c01bbd47fc00a2c39e90264f33305004495a9","hash":"11235649c4e24b20ea886f291991904e0e502896"}
,"/Users/nina/Documents/Reprositories/Hexlet_projects/taskManager/server/locales/ru/views/welcome.js": {"path":"/Users/nina/Documents/Reprositories/Hexlet_projects/taskManager/server/locales/ru/views/welcome.js","statementMap":{},"fnMap":{},"branchMap":{},"s":{},"f":{},"b":{},"_coverageSchema":"1a1c01bbd47fc00a2c39e90264f33305004495a9","hash":"843b4777274e3d9ef626632b542c2d11a5ea9eea"}
,"/Users/nina/Documents/Reprositories/Hexlet_projects/taskManager/server/migrations/20200716171734_create_users_table.js": {"path":"/Users/nina/Documents/Reprositories/Hexlet_projects/taskManager/server/migrations/20200716171734_create_users_table.js","statementMap":{"0":{"start":{"line":1,"column":18},"end":{"line":10,"column":4}},"1":{"start":{"line":2,"column":2},"end":{"line":10,"column":4}},"2":{"start":{"line":3,"column":4},"end":{"line":3,"column":37}},"3":{"start":{"line":4,"column":4},"end":{"line":4,"column":45}},"4":{"start":{"line":5,"column":4},"end":{"line":5,"column":44}},"5":{"start":{"line":6,"column":4},"end":{"line":6,"column":49}},"6":{"start":{"line":7,"column":4},"end":{"line":7,"column":50}},"7":{"start":{"line":8,"column":4},"end":{"line":8,"column":59}},"8":{"start":{"line":9,"column":4},"end":{"line":9,"column":59}},"9":{"start":{"line":12,"column":20},"end":{"line":12,"column":68}},"10":{"start":{"line":12,"column":30},"end":{"line":12,"column":68}}},"fnMap":{"0":{"name":"(anonymous_0)","decl":{"start":{"line":1,"column":18},"end":{"line":1,"column":19}},"loc":{"start":{"line":2,"column":2},"end":{"line":10,"column":4}},"line":2},"1":{"name":"(anonymous_1)","decl":{"start":{"line":2,"column":35},"end":{"line":2,"column":36}},"loc":{"start":{"line":2,"column":46},"end":{"line":10,"column":3}},"line":2},"2":{"name":"(anonymous_2)","decl":{"start":{"line":12,"column":20},"end":{"line":12,"column":21}},"loc":{"start":{"line":12,"column":30},"end":{"line":12,"column":68}},"line":12}},"branchMap":{},"s":{"0":8,"1":56,"2":56,"3":56,"4":56,"5":56,"6":56,"7":56,"8":56,"9":8,"10":25},"f":{"0":56,"1":56,"2":25},"b":{},"_coverageSchema":"1a1c01bbd47fc00a2c39e90264f33305004495a9","hash":"47da4dc24852a93b07e6c2fde7b06081e6d3d406"}
,"/Users/nina/Documents/Reprositories/Hexlet_projects/taskManager/server/migrations/create_labels_table.js": {"path":"/Users/nina/Documents/Reprositories/Hexlet_projects/taskManager/server/migrations/create_labels_table.js","statementMap":{"0":{"start":{"line":1,"column":18},"end":{"line":7,"column":4}},"1":{"start":{"line":2,"column":2},"end":{"line":7,"column":4}},"2":{"start":{"line":3,"column":4},"end":{"line":3,"column":37}},"3":{"start":{"line":4,"column":4},"end":{"line":4,"column":39}},"4":{"start":{"line":5,"column":4},"end":{"line":5,"column":59}},"5":{"start":{"line":6,"column":4},"end":{"line":6,"column":59}},"6":{"start":{"line":9,"column":20},"end":{"line":9,"column":69}},"7":{"start":{"line":9,"column":30},"end":{"line":9,"column":69}}},"fnMap":{"0":{"name":"(anonymous_0)","decl":{"start":{"line":1,"column":18},"end":{"line":1,"column":19}},"loc":{"start":{"line":2,"column":2},"end":{"line":7,"column":4}},"line":2},"1":{"name":"(anonymous_1)","decl":{"start":{"line":2,"column":36},"end":{"line":2,"column":37}},"loc":{"start":{"line":2,"column":47},"end":{"line":7,"column":3}},"line":2},"2":{"name":"(anonymous_2)","decl":{"start":{"line":9,"column":20},"end":{"line":9,"column":21}},"loc":{"start":{"line":9,"column":30},"end":{"line":9,"column":69}},"line":9}},"branchMap":{},"s":{"0":8,"1":56,"2":56,"3":56,"4":56,"5":56,"6":8,"7":25},"f":{"0":56,"1":56,"2":25},"b":{},"_coverageSchema":"1a1c01bbd47fc00a2c39e90264f33305004495a9","hash":"ee0c97b98d2c6637289761880f4076a8b76026b2"}
,"/Users/nina/Documents/Reprositories/Hexlet_projects/taskManager/server/migrations/create_statuses_table.js": {"path":"/Users/nina/Documents/Reprositories/Hexlet_projects/taskManager/server/migrations/create_statuses_table.js","statementMap":{"0":{"start":{"line":1,"column":18},"end":{"line":7,"column":4}},"1":{"start":{"line":2,"column":2},"end":{"line":7,"column":4}},"2":{"start":{"line":3,"column":4},"end":{"line":3,"column":37}},"3":{"start":{"line":4,"column":4},"end":{"line":4,"column":39}},"4":{"start":{"line":5,"column":4},"end":{"line":5,"column":59}},"5":{"start":{"line":6,"column":4},"end":{"line":6,"column":59}},"6":{"start":{"line":9,"column":20},"end":{"line":9,"column":71}},"7":{"start":{"line":9,"column":30},"end":{"line":9,"column":71}}},"fnMap":{"0":{"name":"(anonymous_0)","decl":{"start":{"line":1,"column":18},"end":{"line":1,"column":19}},"loc":{"start":{"line":2,"column":2},"end":{"line":7,"column":4}},"line":2},"1":{"name":"(anonymous_1)","decl":{"start":{"line":2,"column":38},"end":{"line":2,"column":39}},"loc":{"start":{"line":2,"column":49},"end":{"line":7,"column":3}},"line":2},"2":{"name":"(anonymous_2)","decl":{"start":{"line":9,"column":20},"end":{"line":9,"column":21}},"loc":{"start":{"line":9,"column":30},"end":{"line":9,"column":71}},"line":9}},"branchMap":{},"s":{"0":8,"1":56,"2":56,"3":56,"4":56,"5":56,"6":8,"7":25},"f":{"0":56,"1":56,"2":25},"b":{},"_coverageSchema":"1a1c01bbd47fc00a2c39e90264f33305004495a9","hash":"c3b7b472e0de940244152ddc0e65f991c125e05d"}
,"/Users/nina/Documents/Reprositories/Hexlet_projects/taskManager/server/migrations/create_tasks_labels.js": {"path":"/Users/nina/Documents/Reprositories/Hexlet_projects/taskManager/server/migrations/create_tasks_labels.js","statementMap":{"0":{"start":{"line":1,"column":18},"end":{"line":18,"column":1}},"1":{"start":{"line":2,"column":2},"end":{"line":17,"column":5}},"2":{"start":{"line":3,"column":4},"end":{"line":3,"column":37}},"3":{"start":{"line":4,"column":4},"end":{"line":9,"column":27}},"4":{"start":{"line":10,"column":4},"end":{"line":15,"column":27}},"5":{"start":{"line":16,"column":4},"end":{"line":16,"column":59}},"6":{"start":{"line":20,"column":20},"end":{"line":22,"column":1}},"7":{"start":{"line":21,"column":2},"end":{"line":21,"column":53}}},"fnMap":{"0":{"name":"(anonymous_0)","decl":{"start":{"line":1,"column":18},"end":{"line":1,"column":19}},"loc":{"start":{"line":1,"column":34},"end":{"line":18,"column":1}},"line":1},"1":{"name":"(anonymous_1)","decl":{"start":{"line":2,"column":47},"end":{"line":2,"column":48}},"loc":{"start":{"line":2,"column":58},"end":{"line":17,"column":3}},"line":2},"2":{"name":"(anonymous_2)","decl":{"start":{"line":20,"column":20},"end":{"line":20,"column":21}},"loc":{"start":{"line":20,"column":36},"end":{"line":22,"column":1}},"line":20}},"branchMap":{},"s":{"0":8,"1":56,"2":56,"3":56,"4":56,"5":56,"6":8,"7":25},"f":{"0":56,"1":56,"2":25},"b":{},"_coverageSchema":"1a1c01bbd47fc00a2c39e90264f33305004495a9","hash":"d3ecdca267428d1e6db0aaf14b641170cce4c6b9"}
,"/Users/nina/Documents/Reprositories/Hexlet_projects/taskManager/server/migrations/create_tasks_table.js": {"path":"/Users/nina/Documents/Reprositories/Hexlet_projects/taskManager/server/migrations/create_tasks_table.js","statementMap":{"0":{"start":{"line":1,"column":18},"end":{"line":26,"column":1}},"1":{"start":{"line":2,"column":2},"end":{"line":25,"column":5}},"2":{"start":{"line":3,"column":4},"end":{"line":3,"column":37}},"3":{"start":{"line":4,"column":4},"end":{"line":4,"column":39}},"4":{"start":{"line":5,"column":4},"end":{"line":5,"column":32}},"5":{"start":{"line":6,"column":4},"end":{"line":11,"column":27}},"6":{"start":{"line":12,"column":4},"end":{"line":17,"column":27}},"7":{"start":{"line":18,"column":4},"end":{"line":22,"column":28}},"8":{"start":{"line":23,"column":4},"end":{"line":23,"column":59}},"9":{"start":{"line":24,"column":4},"end":{"line":24,"column":59}},"10":{"start":{"line":28,"column":20},"end":{"line":30,"column":1}},"11":{"start":{"line":29,"column":2},"end":{"line":29,"column":47}}},"fnMap":{"0":{"name":"(anonymous_0)","decl":{"start":{"line":1,"column":18},"end":{"line":1,"column":19}},"loc":{"start":{"line":1,"column":34},"end":{"line":26,"column":1}},"line":1},"1":{"name":"(anonymous_1)","decl":{"start":{"line":2,"column":41},"end":{"line":2,"column":42}},"loc":{"start":{"line":2,"column":52},"end":{"line":25,"column":3}},"line":2},"2":{"name":"(anonymous_2)","decl":{"start":{"line":28,"column":20},"end":{"line":28,"column":21}},"loc":{"start":{"line":28,"column":36},"end":{"line":30,"column":1}},"line":28}},"branchMap":{},"s":{"0":8,"1":56,"2":56,"3":56,"4":56,"5":56,"6":56,"7":56,"8":56,"9":56,"10":8,"11":25},"f":{"0":56,"1":56,"2":25},"b":{},"_coverageSchema":"1a1c01bbd47fc00a2c39e90264f33305004495a9","hash":"41da41f9d33ebb3e90b4afe83b5e1f4c6b1980e5"}
,"/Users/nina/Documents/Reprositories/Hexlet_projects/taskManager/server/models/BaseModel.cjs": {"path":"/Users/nina/Documents/Reprositories/Hexlet_projects/taskManager/server/models/BaseModel.cjs","statementMap":{"0":{"start":{"line":1,"column":18},"end":{"line":1,"column":38}},"1":{"start":{"line":3,"column":0},"end":{"line":7,"column":2}},"2":{"start":{"line":5,"column":4},"end":{"line":5,"column":23}}},"fnMap":{"0":{"name":"(anonymous_0)","decl":{"start":{"line":4,"column":2},"end":{"line":4,"column":3}},"loc":{"start":{"line":4,"column":26},"end":{"line":6,"column":3}},"line":4}},"branchMap":{},"s":{"0":8,"1":8,"2":10},"f":{"0":10},"b":{},"inputSourceMap":null,"_coverageSchema":"1a1c01bbd47fc00a2c39e90264f33305004495a9","hash":"e2d12b6629a53ed837149e42c2ff67d7ece07c6f"}
,"/Users/nina/Documents/Reprositories/Hexlet_projects/taskManager/server/models/Label.cjs": {"path":"/Users/nina/Documents/Reprositories/Hexlet_projects/taskManager/server/models/Label.cjs","statementMap":{"0":{"start":{"line":1,"column":24},"end":{"line":1,"column":51}},"1":{"start":{"line":2,"column":18},"end":{"line":2,"column":44}},"2":{"start":{"line":4,"column":15},"end":{"line":4,"column":52}},"3":{"start":{"line":6,"column":0},"end":{"line":34,"column":2}},"4":{"start":{"line":8,"column":4},"end":{"line":8,"column":20}},"5":{"start":{"line":12,"column":4},"end":{"line":19,"column":6}},"6":{"start":{"line":23,"column":4},"end":{"line":32,"column":6}}},"fnMap":{"0":{"name":"(anonymous_0)","decl":{"start":{"line":7,"column":2},"end":{"line":7,"column":3}},"loc":{"start":{"line":7,"column":25},"end":{"line":9,"column":3}},"line":7},"1":{"name":"(anonymous_1)","decl":{"start":{"line":11,"column":2},"end":{"line":11,"column":3}},"loc":{"start":{"line":11,"column":26},"end":{"line":20,"column":3}},"line":11},"2":{"name":"(anonymous_2)","decl":{"start":{"line":22,"column":2},"end":{"line":22,"column":3}},"loc":{"start":{"line":22,"column":32},"end":{"line":33,"column":3}},"line":22}},"branchMap":{},"s":{"0":8,"1":8,"2":8,"3":8,"4":206,"5":3,"6":1},"f":{"0":206,"1":3,"2":1},"b":{},"inputSourceMap":null,"_coverageSchema":"1a1c01bbd47fc00a2c39e90264f33305004495a9","hash":"765539dfd7749c0fd9e844b30af268c7a8fd58cf"}
,"/Users/nina/Documents/Reprositories/Hexlet_projects/taskManager/server/models/Status.cjs": {"path":"/Users/nina/Documents/Reprositories/Hexlet_projects/taskManager/server/models/Status.cjs","statementMap":{"0":{"start":{"line":1,"column":24},"end":{"line":1,"column":51}},"1":{"start":{"line":2,"column":18},"end":{"line":2,"column":44}},"2":{"start":{"line":4,"column":15},"end":{"line":4,"column":52}},"3":{"start":{"line":6,"column":0},"end":{"line":34,"column":2}},"4":{"start":{"line":8,"column":4},"end":{"line":8,"column":22}},"5":{"start":{"line":12,"column":4},"end":{"line":19,"column":6}},"6":{"start":{"line":23,"column":4},"end":{"line":32,"column":6}}},"fnMap":{"0":{"name":"(anonymous_0)","decl":{"start":{"line":7,"column":2},"end":{"line":7,"column":3}},"loc":{"start":{"line":7,"column":25},"end":{"line":9,"column":3}},"line":7},"1":{"name":"(anonymous_1)","decl":{"start":{"line":11,"column":2},"end":{"line":11,"column":3}},"loc":{"start":{"line":11,"column":26},"end":{"line":20,"column":3}},"line":11},"2":{"name":"(anonymous_2)","decl":{"start":{"line":22,"column":2},"end":{"line":22,"column":3}},"loc":{"start":{"line":22,"column":32},"end":{"line":33,"column":3}},"line":22}},"branchMap":{},"s":{"0":8,"1":8,"2":8,"3":8,"4":195,"5":3,"6":1},"f":{"0":195,"1":3,"2":1},"b":{},"inputSourceMap":null,"_coverageSchema":"1a1c01bbd47fc00a2c39e90264f33305004495a9","hash":"b8da27cb507b025b4149a5ee165bece20e6b245e"}
,"/Users/nina/Documents/Reprositories/Hexlet_projects/taskManager/server/models/Task.cjs": {"path":"/Users/nina/Documents/Reprositories/Hexlet_projects/taskManager/server/models/Task.cjs","statementMap":{"0":{"start":{"line":1,"column":18},"end":{"line":1,"column":44}},"1":{"start":{"line":3,"column":0},"end":{"line":79,"column":2}},"2":{"start":{"line":5,"column":4},"end":{"line":5,"column":19}},"3":{"start":{"line":8,"column":21},"end":{"line":21,"column":3}},"4":{"start":{"line":10,"column":6},"end":{"line":10,"column":56}},"5":{"start":{"line":13,"column":6},"end":{"line":13,"column":60}},"6":{"start":{"line":16,"column":6},"end":{"line":16,"column":56}},"7":{"start":{"line":19,"column":6},"end":{"line":19,"column":56}},"8":{"start":{"line":24,"column":4},"end":{"line":36,"column":6}},"9":{"start":{"line":40,"column":4},"end":{"line":77,"column":6}}},"fnMap":{"0":{"name":"(anonymous_0)","decl":{"start":{"line":4,"column":2},"end":{"line":4,"column":3}},"loc":{"start":{"line":4,"column":25},"end":{"line":6,"column":3}},"line":4},"1":{"name":"(anonymous_1)","decl":{"start":{"line":9,"column":4},"end":{"line":9,"column":5}},"loc":{"start":{"line":9,"column":34},"end":{"line":11,"column":5}},"line":9},"2":{"name":"(anonymous_2)","decl":{"start":{"line":12,"column":4},"end":{"line":12,"column":5}},"loc":{"start":{"line":12,"column":38},"end":{"line":14,"column":5}},"line":12},"3":{"name":"(anonymous_3)","decl":{"start":{"line":15,"column":4},"end":{"line":15,"column":5}},"loc":{"start":{"line":15,"column":32},"end":{"line":17,"column":5}},"line":15},"4":{"name":"(anonymous_4)","decl":{"start":{"line":18,"column":4},"end":{"line":18,"column":5}},"loc":{"start":{"line":18,"column":34},"end":{"line":20,"column":5}},"line":18},"5":{"name":"(anonymous_5)","decl":{"start":{"line":23,"column":2},"end":{"line":23,"column":3}},"loc":{"start":{"line":23,"column":26},"end":{"line":37,"column":3}},"line":23},"6":{"name":"(anonymous_6)","decl":{"start":{"line":39,"column":2},"end":{"line":39,"column":3}},"loc":{"start":{"line":39,"column":32},"end":{"line":78,"column":3}},"line":39}},"branchMap":{},"s":{"0":8,"1":8,"2":298,"3":8,"4":0,"5":0,"6":0,"7":0,"8":5,"9":5},"f":{"0":298,"1":0,"2":0,"3":0,"4":0,"5":5,"6":5},"b":{},"inputSourceMap":null,"_coverageSchema":"1a1c01bbd47fc00a2c39e90264f33305004495a9","hash":"ae2b3a6d6cadbaae03d10f6dede64ca762688aba"}
,"/Users/nina/Documents/Reprositories/Hexlet_projects/taskManager/server/models/User.cjs": {"path":"/Users/nina/Documents/Reprositories/Hexlet_projects/taskManager/server/models/User.cjs","statementMap":{"0":{"start":{"line":1,"column":24},"end":{"line":1,"column":51}},"1":{"start":{"line":2,"column":18},"end":{"line":2,"column":44}},"2":{"start":{"line":3,"column":16},"end":{"line":3,"column":44}},"3":{"start":{"line":5,"column":15},"end":{"line":5,"column":53}},"4":{"start":{"line":7,"column":0},"end":{"line":54,"column":2}},"5":{"start":{"line":9,"column":4},"end":{"line":9,"column":19}},"6":{"start":{"line":13,"column":4},"end":{"line":23,"column":6}},"7":{"start":{"line":27,"column":4},"end":{"line":27,"column":41}},"8":{"start":{"line":31,"column":4},"end":{"line":48,"column":6}},"9":{"start":{"line":52,"column":4},"end":{"line":52,"column":53}}},"fnMap":{"0":{"name":"(anonymous_0)","decl":{"start":{"line":8,"column":2},"end":{"line":8,"column":3}},"loc":{"start":{"line":8,"column":25},"end":{"line":10,"column":3}},"line":8},"1":{"name":"(anonymous_1)","decl":{"start":{"line":12,"column":2},"end":{"line":12,"column":3}},"loc":{"start":{"line":12,"column":26},"end":{"line":24,"column":3}},"line":12},"2":{"name":"(anonymous_2)","decl":{"start":{"line":26,"column":2},"end":{"line":26,"column":3}},"loc":{"start":{"line":26,"column":22},"end":{"line":28,"column":3}},"line":26},"3":{"name":"(anonymous_3)","decl":{"start":{"line":30,"column":2},"end":{"line":30,"column":3}},"loc":{"start":{"line":30,"column":32},"end":{"line":49,"column":3}},"line":30},"4":{"name":"(anonymous_4)","decl":{"start":{"line":51,"column":2},"end":{"line":51,"column":3}},"loc":{"start":{"line":51,"column":27},"end":{"line":53,"column":3}},"line":51}},"branchMap":{},"s":{"0":8,"1":8,"2":8,"3":8,"4":8,"5":468,"6":7,"7":2,"8":1,"9":36},"f":{"0":468,"1":7,"2":2,"3":1,"4":36},"b":{},"inputSourceMap":null,"_coverageSchema":"1a1c01bbd47fc00a2c39e90264f33305004495a9","hash":"94561596916d7e0fa55e97805734d1e28695d912"}
,"/Users/nina/Documents/Reprositories/Hexlet_projects/taskManager/server/models/index.js": {"path":"/Users/nina/Documents/Reprositories/Hexlet_projects/taskManager/server/models/index.js","statementMap":{},"fnMap":{},"branchMap":{},"s":{},"f":{},"b":{},"_coverageSchema":"1a1c01bbd47fc00a2c39e90264f33305004495a9","hash":"6ad851c469ae6d19deb02a4062693cac56fc576b"}
,"/Users/nina/Documents/Reprositories/Hexlet_projects/taskManager/server/plugin/init.js": {"path":"/Users/nina/Documents/Reprositories/Hexlet_projects/taskManager/server/plugin/init.js","statementMap":{"0":{"start":{"line":8,"column":13},"end":{"line":17,"column":1}},"1":{"start":{"line":9,"column":2},"end":{"line":9,"column":29}},"2":{"start":{"line":10,"column":2},"end":{"line":10,"column":41}},"3":{"start":{"line":11,"column":2},"end":{"line":11,"column":18}},"4":{"start":{"line":12,"column":2},"end":{"line":12,"column":25}},"5":{"start":{"line":13,"column":2},"end":{"line":13,"column":23}},"6":{"start":{"line":14,"column":2},"end":{"line":14,"column":16}},"7":{"start":{"line":16,"column":2},"end":{"line":16,"column":13}}},"fnMap":{"0":{"name":"(anonymous_0)","decl":{"start":{"line":8,"column":13},"end":{"line":8,"column":14}},"loc":{"start":{"line":8,"column":28},"end":{"line":17,"column":1}},"line":8}},"branchMap":{},"s":{"0":8,"1":33,"2":33,"3":33,"4":33,"5":33,"6":33,"7":33},"f":{"0":33},"b":{},"_coverageSchema":"1a1c01bbd47fc00a2c39e90264f33305004495a9","hash":"0e208e8e59bc05e455e5b79496c7b83115623e33"}
,"/Users/nina/Documents/Reprositories/Hexlet_projects/taskManager/server/plugin/config/setupLocalization.js": {"path":"/Users/nina/Documents/Reprositories/Hexlet_projects/taskManager/server/plugin/config/setupLocalization.js","statementMap":{"0":{"start":{"line":7,"column":0},"end":{"line":14,"column":3}},"1":{"start":{"line":17,"column":2},"end":{"line":19,"column":5}},"2":{"start":{"line":18,"column":4},"end":{"line":18,"column":49}},"3":{"start":{"line":21,"column":2},"end":{"line":26,"column":5}},"4":{"start":{"line":22,"column":20},"end":{"line":22,"column":30}},"5":{"start":{"line":23,"column":4},"end":{"line":23,"column":33}},"6":{"start":{"line":24,"column":4},"end":{"line":24,"column":51}},"7":{"start":{"line":25,"column":4},"end":{"line":25,"column":54}}},"fnMap":{"0":{"name":"localizationPlugin","decl":{"start":{"line":16,"column":15},"end":{"line":16,"column":33}},"loc":{"start":{"line":16,"column":39},"end":{"line":27,"column":1}},"line":16},"1":{"name":"(anonymous_1)","decl":{"start":{"line":17,"column":27},"end":{"line":17,"column":28}},"loc":{"start":{"line":17,"column":49},"end":{"line":19,"column":3}},"line":17},"2":{"name":"(anonymous_2)","decl":{"start":{"line":21,"column":35},"end":{"line":21,"column":36}},"loc":{"start":{"line":21,"column":57},"end":{"line":26,"column":3}},"line":21}},"branchMap":{"0":{"loc":{"start":{"line":25,"column":26},"end":{"line":25,"column":52}},"type":"binary-expr","locations":[{"start":{"line":25,"column":26},"end":{"line":25,"column":45}},{"start":{"line":25,"column":49},"end":{"line":25,"column":52}}],"line":25}},"s":{"0":8,"1":33,"2":63,"3":33,"4":0,"5":0,"6":0,"7":0},"f":{"0":33,"1":63,"2":0},"b":{"0":[0,0]},"_coverageSchema":"1a1c01bbd47fc00a2c39e90264f33305004495a9","hash":"3562f395e74055b796241ca754c40ce63a30b7a6"}
,"/Users/nina/Documents/Reprositories/Hexlet_projects/taskManager/server/plugin/config/setupStaticAssets.js": {"path":"/Users/nina/Documents/Reprositories/Hexlet_projects/taskManager/server/plugin/config/setupStaticAssets.js","statementMap":{"0":{"start":{"line":5,"column":18},"end":{"line":5,"column":62}},"1":{"start":{"line":7,"column":26},"end":{"line":14,"column":1}},"2":{"start":{"line":8,"column":21},"end":{"line":8,"column":62}},"3":{"start":{"line":9,"column":2},"end":{"line":9,"column":26}},"4":{"start":{"line":10,"column":2},"end":{"line":13,"column":5}}},"fnMap":{"0":{"name":"(anonymous_0)","decl":{"start":{"line":7,"column":26},"end":{"line":7,"column":27}},"loc":{"start":{"line":7,"column":35},"end":{"line":14,"column":1}},"line":7}},"branchMap":{},"s":{"0":8,"1":8,"2":33,"3":33,"4":33},"f":{"0":33},"b":{},"_coverageSchema":"1a1c01bbd47fc00a2c39e90264f33305004495a9","hash":"9e72b0e526495f61a0db9a615f3bce005be175ad"}
,"/Users/nina/Documents/Reprositories/Hexlet_projects/taskManager/server/plugin/config/setupViews.js": {"path":"/Users/nina/Documents/Reprositories/Hexlet_projects/taskManager/server/plugin/config/setupViews.js","statementMap":{"0":{"start":{"line":7,"column":18},"end":{"line":7,"column":62}},"1":{"start":{"line":9,"column":19},"end":{"line":25,"column":1}},"2":{"start":{"line":10,"column":18},"end":{"line":10,"column":33}},"3":{"start":{"line":11,"column":2},"end":{"line":20,"column":5}},"4":{"start":{"line":16,"column":31},"end":{"line":16,"column":52}},"5":{"start":{"line":22,"column":2},"end":{"line":24,"column":5}},"6":{"start":{"line":23,"column":4},"end":{"line":23,"column":52}}},"fnMap":{"0":{"name":"(anonymous_0)","decl":{"start":{"line":9,"column":19},"end":{"line":9,"column":20}},"loc":{"start":{"line":9,"column":28},"end":{"line":25,"column":1}},"line":9},"1":{"name":"(anonymous_1)","decl":{"start":{"line":16,"column":17},"end":{"line":16,"column":18}},"loc":{"start":{"line":16,"column":31},"end":{"line":16,"column":52}},"line":16},"2":{"name":"render","decl":{"start":{"line":22,"column":39},"end":{"line":22,"column":45}},"loc":{"start":{"line":22,"column":64},"end":{"line":24,"column":3}},"line":22}},"branchMap":{},"s":{"0":8,"1":8,"2":33,"3":33,"4":25,"5":33,"6":11},"f":{"0":33,"1":25,"2":11},"b":{},"_coverageSchema":"1a1c01bbd47fc00a2c39e90264f33305004495a9","hash":"7d9e79b68d56905342cff871dd5fd9be88a7b9ef"}
,"/Users/nina/Documents/Reprositories/Hexlet_projects/taskManager/server/plugin/middlewares/addhooks.js": {"path":"/Users/nina/Documents/Reprositories/Hexlet_projects/taskManager/server/plugin/middlewares/addhooks.js","statementMap":{"0":{"start":{"line":1,"column":17},"end":{"line":12,"column":1}},"1":{"start":{"line":2,"column":2},"end":{"line":6,"column":5}},"2":{"start":{"line":3,"column":4},"end":{"line":5,"column":6}},"3":{"start":{"line":4,"column":29},"end":{"line":4,"column":50}},"4":{"start":{"line":8,"column":2},"end":{"line":11,"column":5}},"5":{"start":{"line":9,"column":4},"end":{"line":9,"column":62}},"6":{"start":{"line":10,"column":4},"end":{"line":10,"column":11}}},"fnMap":{"0":{"name":"(anonymous_0)","decl":{"start":{"line":1,"column":17},"end":{"line":1,"column":18}},"loc":{"start":{"line":1,"column":26},"end":{"line":12,"column":1}},"line":1},"1":{"name":"(anonymous_1)","decl":{"start":{"line":2,"column":28},"end":{"line":2,"column":29}},"loc":{"start":{"line":2,"column":50},"end":{"line":6,"column":3}},"line":2},"2":{"name":"(anonymous_2)","decl":{"start":{"line":4,"column":23},"end":{"line":4,"column":24}},"loc":{"start":{"line":4,"column":29},"end":{"line":4,"column":50}},"line":4},"3":{"name":"(anonymous_3)","decl":{"start":{"line":8,"column":27},"end":{"line":8,"column":28}},"loc":{"start":{"line":8,"column":49},"end":{"line":11,"column":3}},"line":8}},"branchMap":{},"s":{"0":8,"1":33,"2":63,"3":11,"4":33,"5":63,"6":63},"f":{"0":33,"1":63,"2":11,"3":63},"b":{},"_coverageSchema":"1a1c01bbd47fc00a2c39e90264f33305004495a9","hash":"c18f468153a7ab7bdb89a014da2cd3798f60835d"}
,"/Users/nina/Documents/Reprositories/Hexlet_projects/taskManager/server/plugin/plugins/registerPlugins.js": {"path":"/Users/nina/Documents/Reprositories/Hexlet_projects/taskManager/server/plugin/plugins/registerPlugins.js","statementMap":{"0":{"start":{"line":15,"column":0},"end":{"line":15,"column":16}},"1":{"start":{"line":17,"column":24},"end":{"line":73,"column":1}},"2":{"start":{"line":18,"column":2},"end":{"line":18,"column":38}},"3":{"start":{"line":20,"column":2},"end":{"line":24,"column":5}},"4":{"start":{"line":26,"column":2},"end":{"line":26,"column":60}},"5":{"start":{"line":28,"column":2},"end":{"line":35,"column":5}},"6":{"start":{"line":37,"column":2},"end":{"line":41,"column":5}},"7":{"start":{"line":43,"column":2},"end":{"line":45,"column":4}},"8":{"start":{"line":44,"column":4},"end":{"line":44,"column":55}},"9":{"start":{"line":46,"column":2},"end":{"line":46,"column":74}},"10":{"start":{"line":46,"column":51},"end":{"line":46,"column":72}},"11":{"start":{"line":47,"column":2},"end":{"line":47,"column":53}},"12":{"start":{"line":49,"column":2},"end":{"line":49,"column":51}},"13":{"start":{"line":50,"column":2},"end":{"line":50,"column":54}},"14":{"start":{"line":53,"column":2},"end":{"line":53,"column":38}},"15":{"start":{"line":54,"column":2},"end":{"line":58,"column":4}},"16":{"start":{"line":55,"column":4},"end":{"line":57,"column":15}},"17":{"start":{"line":60,"column":2},"end":{"line":67,"column":5}},"18":{"start":{"line":61,"column":19},"end":{"line":65,"column":5}},"19":{"start":{"line":66,"column":4},"end":{"line":66,"column":36}},"20":{"start":{"line":69,"column":2},"end":{"line":72,"column":5}}},"fnMap":{"0":{"name":"(anonymous_0)","decl":{"start":{"line":17,"column":24},"end":{"line":17,"column":25}},"loc":{"start":{"line":17,"column":39},"end":{"line":73,"column":1}},"line":17},"1":{"name":"(anonymous_1)","decl":{"start":{"line":43,"column":43},"end":{"line":43,"column":44}},"loc":{"start":{"line":44,"column":4},"end":{"line":44,"column":55}},"line":44},"2":{"name":"(anonymous_2)","decl":{"start":{"line":46,"column":41},"end":{"line":46,"column":42}},"loc":{"start":{"line":46,"column":51},"end":{"line":46,"column":72}},"line":46},"3":{"name":"(anonymous_3)","decl":{"start":{"line":54,"column":31},"end":{"line":54,"column":32}},"loc":{"start":{"line":55,"column":4},"end":{"line":57,"column":15}},"line":55},"4":{"name":"(anonymous_4)","decl":{"start":{"line":60,"column":26},"end":{"line":60,"column":27}},"loc":{"start":{"line":60,"column":41},"end":{"line":67,"column":3}},"line":60}},"branchMap":{"0":{"loc":{"start":{"line":66,"column":11},"end":{"line":66,"column":35}},"type":"binary-expr","locations":[{"start":{"line":66,"column":11},"end":{"line":66,"column":28}},{"start":{"line":66,"column":32},"end":{"line":66,"column":35}}],"line":66},"1":{"loc":{"start":{"line":70,"column":27},"end":{"line":70,"column":64}},"type":"binary-expr","locations":[{"start":{"line":70,"column":27},"end":{"line":70,"column":47}},{"start":{"line":70,"column":51},"end":{"line":70,"column":64}}],"line":70}},"s":{"0":8,"1":8,"2":33,"3":33,"4":33,"5":33,"6":33,"7":33,"8":2,"9":33,"10":35,"11":33,"12":33,"13":33,"14":33,"15":33,"16":1,"17":33,"18":34,"19":34,"20":33},"f":{"0":33,"1":2,"2":35,"3":1,"4":34},"b":{"0":[34,1],"1":[33,0]},"_coverageSchema":"1a1c01bbd47fc00a2c39e90264f33305004495a9","hash":"0277a356f9b12ece00151b41f3b788bb77ec4b4c"}
,"/Users/nina/Documents/Reprositories/Hexlet_projects/taskManager/server/routes/index.js": {"path":"/Users/nina/Documents/Reprositories/Hexlet_projects/taskManager/server/routes/index.js","statementMap":{"0":{"start":{"line":8,"column":20},"end":{"line":8,"column":70}},"1":{"start":{"line":10,"column":24},"end":{"line":10,"column":58}},"2":{"start":{"line":10,"column":51},"end":{"line":10,"column":57}}},"fnMap":{"0":{"name":"(anonymous_0)","decl":{"start":{"line":10,"column":15},"end":{"line":10,"column":16}},"loc":{"start":{"line":10,"column":24},"end":{"line":10,"column":58}},"line":10},"1":{"name":"(anonymous_1)","decl":{"start":{"line":10,"column":44},"end":{"line":10,"column":45}},"loc":{"start":{"line":10,"column":51},"end":{"line":10,"column":57}},"line":10}},"branchMap":{},"s":{"0":8,"1":33,"2":198},"f":{"0":33,"1":198},"b":{},"_coverageSchema":"1a1c01bbd47fc00a2c39e90264f33305004495a9","hash":"654a639448cf2f85a4083817e55253fbe9d1a390"}
,"/Users/nina/Documents/Reprositories/Hexlet_projects/taskManager/server/routes/labels.js": {"path":"/Users/nina/Documents/Reprositories/Hexlet_projects/taskManager/server/routes/labels.js","statementMap":{"0":{"start":{"line":4,"column":2},"end":{"line":105,"column":7}},"1":{"start":{"line":7,"column":21},"end":{"line":7,"column":61}},"2":{"start":{"line":8,"column":6},"end":{"line":8,"column":47}},"3":{"start":{"line":9,"column":6},"end":{"line":9,"column":19}},"4":{"start":{"line":14,"column":20},"end":{"line":14,"column":52}},"5":{"start":{"line":15,"column":6},"end":{"line":15,"column":44}},"6":{"start":{"line":20,"column":21},"end":{"line":20,"column":31}},"7":{"start":{"line":21,"column":6},"end":{"line":34,"column":7}},"8":{"start":{"line":22,"column":22},"end":{"line":22,"column":75}},"9":{"start":{"line":23,"column":8},"end":{"line":27,"column":9}},"10":{"start":{"line":24,"column":10},"end":{"line":24,"column":69}},"11":{"start":{"line":25,"column":10},"end":{"line":25,"column":51}},"12":{"start":{"line":26,"column":10},"end":{"line":26,"column":17}},"13":{"start":{"line":28,"column":8},"end":{"line":28,"column":42}},"14":{"start":{"line":29,"column":8},"end":{"line":29,"column":59}},"15":{"start":{"line":31,"column":8},"end":{"line":31,"column":54}},"16":{"start":{"line":32,"column":8},"end":{"line":32,"column":65}},"17":{"start":{"line":33,"column":8},"end":{"line":33,"column":55}},"18":{"start":{"line":35,"column":6},"end":{"line":35,"column":19}},"19":{"start":{"line":40,"column":20},"end":{"line":40,"column":52}},"20":{"start":{"line":42,"column":6},"end":{"line":52,"column":7}},"21":{"start":{"line":43,"column":27},"end":{"line":45,"column":9}},"22":{"start":{"line":46,"column":8},"end":{"line":46,"column":68}},"23":{"start":{"line":47,"column":8},"end":{"line":47,"column":68}},"24":{"start":{"line":48,"column":8},"end":{"line":48,"column":34}},"25":{"start":{"line":50,"column":8},"end":{"line":50,"column":67}},"26":{"start":{"line":51,"column":8},"end":{"line":51,"column":60}},"27":{"start":{"line":54,"column":6},"end":{"line":54,"column":19}},"28":{"start":{"line":59,"column":21},"end":{"line":59,"column":31}},"29":{"start":{"line":60,"column":26},"end":{"line":60,"column":39}},"30":{"start":{"line":61,"column":6},"end":{"line":76,"column":7}},"31":{"start":{"line":62,"column":22},"end":{"line":62,"column":75}},"32":{"start":{"line":63,"column":8},"end":{"line":66,"column":9}},"33":{"start":{"line":64,"column":10},"end":{"line":64,"column":70}},"34":{"start":{"line":65,"column":10},"end":{"line":65,"column":58}},"35":{"start":{"line":67,"column":8},"end":{"line":67,"column":48}},"36":{"start":{"line":68,"column":8},"end":{"line":68,"column":66}},"37":{"start":{"line":69,"column":8},"end":{"line":69,"column":34}},"38":{"start":{"line":71,"column":8},"end":{"line":71,"column":65}},"39":{"start":{"line":72,"column":8},"end":{"line":75,"column":11}},"40":{"start":{"line":81,"column":21},"end":{"line":81,"column":31}},"41":{"start":{"line":82,"column":6},"end":{"line":104,"column":7}},"42":{"start":{"line":83,"column":22},"end":{"line":86,"column":36}},"43":{"start":{"line":88,"column":8},"end":{"line":91,"column":9}},"44":{"start":{"line":89,"column":10},"end":{"line":89,"column":72}},"45":{"start":{"line":90,"column":10},"end":{"line":90,"column":59}},"46":{"start":{"line":93,"column":8},"end":{"line":96,"column":9}},"47":{"start":{"line":94,"column":10},"end":{"line":94,"column":72}},"48":{"start":{"line":95,"column":10},"end":{"line":95,"column":43}},"49":{"start":{"line":98,"column":8},"end":{"line":98,"column":38}},"50":{"start":{"line":99,"column":8},"end":{"line":99,"column":68}},"51":{"start":{"line":100,"column":8},"end":{"line":100,"column":41}},"52":{"start":{"line":102,"column":8},"end":{"line":102,"column":67}},"53":{"start":{"line":103,"column":8},"end":{"line":103,"column":63}}},"fnMap":{"0":{"name":"(anonymous_0)","decl":{"start":{"line":3,"column":15},"end":{"line":3,"column":16}},"loc":{"start":{"line":3,"column":24},"end":{"line":106,"column":1}},"line":3},"1":{"name":"(anonymous_1)","decl":{"start":{"line":6,"column":40},"end":{"line":6,"column":41}},"loc":{"start":{"line":6,"column":62},"end":{"line":10,"column":5}},"line":6},"2":{"name":"(anonymous_2)","decl":{"start":{"line":13,"column":46},"end":{"line":13,"column":47}},"loc":{"start":{"line":13,"column":62},"end":{"line":16,"column":5}},"line":13},"3":{"name":"(anonymous_3)","decl":{"start":{"line":19,"column":52},"end":{"line":19,"column":53}},"loc":{"start":{"line":19,"column":74},"end":{"line":36,"column":5}},"line":19},"4":{"name":"(anonymous_4)","decl":{"start":{"line":39,"column":46},"end":{"line":39,"column":47}},"loc":{"start":{"line":39,"column":68},"end":{"line":55,"column":5}},"line":39},"5":{"name":"(anonymous_5)","decl":{"start":{"line":58,"column":51},"end":{"line":58,"column":52}},"loc":{"start":{"line":58,"column":73},"end":{"line":77,"column":5}},"line":58},"6":{"name":"(anonymous_6)","decl":{"start":{"line":80,"column":52},"end":{"line":80,"column":53}},"loc":{"start":{"line":80,"column":74},"end":{"line":105,"column":5}},"line":80}},"branchMap":{"0":{"loc":{"start":{"line":23,"column":8},"end":{"line":27,"column":9}},"type":"if","locations":[{"start":{"line":23,"column":8},"end":{"line":27,"column":9}},{"start":{},"end":{}}],"line":23},"1":{"loc":{"start":{"line":63,"column":8},"end":{"line":66,"column":9}},"type":"if","locations":[{"start":{"line":63,"column":8},"end":{"line":66,"column":9}},{"start":{},"end":{}}],"line":63},"2":{"loc":{"start":{"line":88,"column":8},"end":{"line":91,"column":9}},"type":"if","locations":[{"start":{"line":88,"column":8},"end":{"line":91,"column":9}},{"start":{},"end":{}}],"line":88},"3":{"loc":{"start":{"line":93,"column":8},"end":{"line":96,"column":9}},"type":"if","locations":[{"start":{"line":93,"column":8},"end":{"line":96,"column":9}},{"start":{},"end":{}}],"line":93}},"s":{"0":33,"1":1,"2":1,"3":1,"4":1,"5":1,"6":0,"7":0,"8":0,"9":0,"10":0,"11":0,"12":0,"13":0,"14":0,"15":0,"16":0,"17":0,"18":0,"19":1,"20":1,"21":1,"22":1,"23":1,"24":1,"25":0,"26":0,"27":1,"28":1,"29":1,"30":1,"31":1,"32":1,"33":0,"34":0,"35":1,"36":1,"37":1,"38":0,"39":0,"40":1,"41":1,"42":1,"43":1,"44":0,"45":0,"46":1,"47":0,"48":0,"49":1,"50":1,"51":1,"52":0,"53":0},"f":{"0":33,"1":1,"2":1,"3":0,"4":1,"5":1,"6":1},"b":{"0":[0,0],"1":[0,1],"2":[0,1],"3":[0,1]},"_coverageSchema":"1a1c01bbd47fc00a2c39e90264f33305004495a9","hash":"62a3e5c82f42485c2e5fc3fba6232cd4bdf80043"}
,"/Users/nina/Documents/Reprositories/Hexlet_projects/taskManager/server/routes/session.js": {"path":"/Users/nina/Documents/Reprositories/Hexlet_projects/taskManager/server/routes/session.js","statementMap":{"0":{"start":{"line":4,"column":2},"end":{"line":36,"column":7}},"1":{"start":{"line":6,"column":25},"end":{"line":6,"column":27}},"2":{"start":{"line":7,"column":6},"end":{"line":7,"column":50}},"3":{"start":{"line":13,"column":8},"end":{"line":15,"column":9}},"4":{"start":{"line":14,"column":10},"end":{"line":14,"column":57}},"5":{"start":{"line":16,"column":8},"end":{"line":23,"column":9}},"6":{"start":{"line":17,"column":29},"end":{"line":17,"column":42}},"7":{"start":{"line":18,"column":25},"end":{"line":20,"column":11}},"8":{"start":{"line":21,"column":10},"end":{"line":21,"column":62}},"9":{"start":{"line":22,"column":10},"end":{"line":22,"column":35}},"10":{"start":{"line":24,"column":8},"end":{"line":24,"column":30}},"11":{"start":{"line":25,"column":8},"end":{"line":25,"column":37}},"12":{"start":{"line":26,"column":8},"end":{"line":26,"column":72}},"13":{"start":{"line":27,"column":8},"end":{"line":27,"column":28}},"14":{"start":{"line":28,"column":8},"end":{"line":28,"column":21}},"15":{"start":{"line":33,"column":6},"end":{"line":33,"column":25}},"16":{"start":{"line":34,"column":6},"end":{"line":34,"column":67}},"17":{"start":{"line":35,"column":6},"end":{"line":35,"column":33}}},"fnMap":{"0":{"name":"(anonymous_0)","decl":{"start":{"line":3,"column":15},"end":{"line":3,"column":16}},"loc":{"start":{"line":3,"column":24},"end":{"line":37,"column":1}},"line":3},"1":{"name":"(anonymous_1)","decl":{"start":{"line":5,"column":49},"end":{"line":5,"column":50}},"loc":{"start":{"line":5,"column":65},"end":{"line":8,"column":5}},"line":5},"2":{"name":"(anonymous_2)","decl":{"start":{"line":12,"column":34},"end":{"line":12,"column":35}},"loc":{"start":{"line":12,"column":67},"end":{"line":29,"column":7}},"line":12},"3":{"name":"(anonymous_3)","decl":{"start":{"line":32,"column":24},"end":{"line":32,"column":25}},"loc":{"start":{"line":32,"column":46},"end":{"line":36,"column":5}},"line":32}},"branchMap":{"0":{"loc":{"start":{"line":13,"column":8},"end":{"line":15,"column":9}},"type":"if","locations":[{"start":{"line":13,"column":8},"end":{"line":15,"column":9}},{"start":{},"end":{}}],"line":13},"1":{"loc":{"start":{"line":16,"column":8},"end":{"line":23,"column":9}},"type":"if","locations":[{"start":{"line":16,"column":8},"end":{"line":23,"column":9}},{"start":{},"end":{}}],"line":16}},"s":{"0":33,"1":1,"2":1,"3":36,"4":0,"5":36,"6":1,"7":1,"8":1,"9":1,"10":35,"11":35,"12":35,"13":35,"14":35,"15":1,"16":1,"17":1},"f":{"0":33,"1":1,"2":36,"3":1},"b":{"0":[0,36],"1":[1,35]},"_coverageSchema":"1a1c01bbd47fc00a2c39e90264f33305004495a9","hash":"02e1525942ccf5fbb33f25bdc4770e2a2d60b505"}
,"/Users/nina/Documents/Reprositories/Hexlet_projects/taskManager/server/routes/statuses.js": {"path":"/Users/nina/Documents/Reprositories/Hexlet_projects/taskManager/server/routes/statuses.js","statementMap":{"0":{"start":{"line":4,"column":2},"end":{"line":103,"column":7}},"1":{"start":{"line":7,"column":23},"end":{"line":7,"column":64}},"2":{"start":{"line":8,"column":6},"end":{"line":8,"column":51}},"3":{"start":{"line":9,"column":6},"end":{"line":9,"column":19}},"4":{"start":{"line":14,"column":21},"end":{"line":14,"column":54}},"5":{"start":{"line":15,"column":6},"end":{"line":15,"column":47}},"6":{"start":{"line":20,"column":21},"end":{"line":20,"column":31}},"7":{"start":{"line":21,"column":6},"end":{"line":34,"column":7}},"8":{"start":{"line":22,"column":23},"end":{"line":22,"column":77}},"9":{"start":{"line":23,"column":8},"end":{"line":27,"column":9}},"10":{"start":{"line":24,"column":10},"end":{"line":24,"column":70}},"11":{"start":{"line":25,"column":10},"end":{"line":25,"column":53}},"12":{"start":{"line":26,"column":10},"end":{"line":26,"column":17}},"13":{"start":{"line":28,"column":8},"end":{"line":28,"column":44}},"14":{"start":{"line":29,"column":8},"end":{"line":29,"column":62}},"15":{"start":{"line":31,"column":8},"end":{"line":31,"column":56}},"16":{"start":{"line":32,"column":8},"end":{"line":32,"column":67}},"17":{"start":{"line":33,"column":8},"end":{"line":33,"column":56}},"18":{"start":{"line":35,"column":6},"end":{"line":35,"column":19}},"19":{"start":{"line":40,"column":21},"end":{"line":40,"column":54}},"20":{"start":{"line":42,"column":6},"end":{"line":52,"column":7}},"21":{"start":{"line":43,"column":28},"end":{"line":45,"column":9}},"22":{"start":{"line":46,"column":8},"end":{"line":46,"column":70}},"23":{"start":{"line":47,"column":8},"end":{"line":47,"column":70}},"24":{"start":{"line":48,"column":8},"end":{"line":48,"column":36}},"25":{"start":{"line":50,"column":8},"end":{"line":50,"column":69}},"26":{"start":{"line":51,"column":8},"end":{"line":51,"column":63}},"27":{"start":{"line":54,"column":6},"end":{"line":54,"column":19}},"28":{"start":{"line":59,"column":21},"end":{"line":59,"column":31}},"29":{"start":{"line":60,"column":26},"end":{"line":60,"column":39}},"30":{"start":{"line":61,"column":6},"end":{"line":76,"column":7}},"31":{"start":{"line":62,"column":23},"end":{"line":62,"column":77}},"32":{"start":{"line":63,"column":8},"end":{"line":66,"column":9}},"33":{"start":{"line":64,"column":10},"end":{"line":64,"column":72}},"34":{"start":{"line":65,"column":10},"end":{"line":65,"column":60}},"35":{"start":{"line":67,"column":8},"end":{"line":67,"column":49}},"36":{"start":{"line":68,"column":8},"end":{"line":68,"column":68}},"37":{"start":{"line":69,"column":8},"end":{"line":69,"column":36}},"38":{"start":{"line":71,"column":8},"end":{"line":71,"column":67}},"39":{"start":{"line":72,"column":8},"end":{"line":75,"column":11}},"40":{"start":{"line":81,"column":21},"end":{"line":81,"column":31}},"41":{"start":{"line":82,"column":6},"end":{"line":102,"column":7}},"42":{"start":{"line":83,"column":23},"end":{"line":86,"column":36}},"43":{"start":{"line":88,"column":8},"end":{"line":91,"column":9}},"44":{"start":{"line":89,"column":10},"end":{"line":89,"column":74}},"45":{"start":{"line":90,"column":10},"end":{"line":90,"column":60}},"46":{"start":{"line":92,"column":8},"end":{"line":95,"column":9}},"47":{"start":{"line":93,"column":10},"end":{"line":93,"column":72}},"48":{"start":{"line":94,"column":10},"end":{"line":94,"column":45}},"49":{"start":{"line":96,"column":8},"end":{"line":96,"column":39}},"50":{"start":{"line":97,"column":8},"end":{"line":97,"column":70}},"51":{"start":{"line":98,"column":8},"end":{"line":98,"column":43}},"52":{"start":{"line":100,"column":8},"end":{"line":100,"column":69}},"53":{"start":{"line":101,"column":8},"end":{"line":101,"column":63}}},"fnMap":{"0":{"name":"(anonymous_0)","decl":{"start":{"line":3,"column":15},"end":{"line":3,"column":16}},"loc":{"start":{"line":3,"column":24},"end":{"line":104,"column":1}},"line":3},"1":{"name":"(anonymous_1)","decl":{"start":{"line":6,"column":44},"end":{"line":6,"column":45}},"loc":{"start":{"line":6,"column":66},"end":{"line":10,"column":5}},"line":6},"2":{"name":"(anonymous_2)","decl":{"start":{"line":13,"column":49},"end":{"line":13,"column":50}},"loc":{"start":{"line":13,"column":65},"end":{"line":16,"column":5}},"line":13},"3":{"name":"(anonymous_3)","decl":{"start":{"line":19,"column":55},"end":{"line":19,"column":56}},"loc":{"start":{"line":19,"column":77},"end":{"line":36,"column":5}},"line":19},"4":{"name":"(anonymous_4)","decl":{"start":{"line":39,"column":49},"end":{"line":39,"column":50}},"loc":{"start":{"line":39,"column":71},"end":{"line":55,"column":5}},"line":39},"5":{"name":"(anonymous_5)","decl":{"start":{"line":58,"column":54},"end":{"line":58,"column":55}},"loc":{"start":{"line":58,"column":76},"end":{"line":77,"column":5}},"line":58},"6":{"name":"(anonymous_6)","decl":{"start":{"line":80,"column":55},"end":{"line":80,"column":56}},"loc":{"start":{"line":80,"column":77},"end":{"line":103,"column":5}},"line":80}},"branchMap":{"0":{"loc":{"start":{"line":23,"column":8},"end":{"line":27,"column":9}},"type":"if","locations":[{"start":{"line":23,"column":8},"end":{"line":27,"column":9}},{"start":{},"end":{}}],"line":23},"1":{"loc":{"start":{"line":63,"column":8},"end":{"line":66,"column":9}},"type":"if","locations":[{"start":{"line":63,"column":8},"end":{"line":66,"column":9}},{"start":{},"end":{}}],"line":63},"2":{"loc":{"start":{"line":88,"column":8},"end":{"line":91,"column":9}},"type":"if","locations":[{"start":{"line":88,"column":8},"end":{"line":91,"column":9}},{"start":{},"end":{}}],"line":88},"3":{"loc":{"start":{"line":92,"column":8},"end":{"line":95,"column":9}},"type":"if","locations":[{"start":{"line":92,"column":8},"end":{"line":95,"column":9}},{"start":{},"end":{}}],"line":92}},"s":{"0":33,"1":1,"2":1,"3":1,"4":1,"5":1,"6":0,"7":0,"8":0,"9":0,"10":0,"11":0,"12":0,"13":0,"14":0,"15":0,"16":0,"17":0,"18":0,"19":1,"20":1,"21":1,"22":1,"23":1,"24":1,"25":0,"26":0,"27":1,"28":1,"29":1,"30":1,"31":1,"32":1,"33":0,"34":0,"35":1,"36":1,"37":1,"38":0,"39":0,"40":1,"41":1,"42":1,"43":1,"44":0,"45":0,"46":1,"47":0,"48":0,"49":1,"50":1,"51":1,"52":0,"53":0},"f":{"0":33,"1":1,"2":1,"3":0,"4":1,"5":1,"6":1},"b":{"0":[0,0],"1":[0,1],"2":[0,1],"3":[0,1]},"_coverageSchema":"1a1c01bbd47fc00a2c39e90264f33305004495a9","hash":"36f78ba801fc93681e6bafcda523aab1ec27c9e7"}
,"/Users/nina/Documents/Reprositories/Hexlet_projects/taskManager/server/routes/tasks.js": {"path":"/Users/nina/Documents/Reprositories/Hexlet_projects/taskManager/server/routes/tasks.js","statementMap":{"0":{"start":{"line":4,"column":2},"end":{"line":279,"column":7}},"1":{"start":{"line":8,"column":8},"end":{"line":8,"column":17}},"2":{"start":{"line":10,"column":6},"end":{"line":54,"column":7}},"3":{"start":{"line":11,"column":48},"end":{"line":11,"column":78}},"4":{"start":{"line":13,"column":22},"end":{"line":23,"column":11}},"5":{"start":{"line":25,"column":8},"end":{"line":25,"column":67}},"6":{"start":{"line":25,"column":20},"end":{"line":25,"column":67}},"7":{"start":{"line":26,"column":8},"end":{"line":26,"column":73}},"8":{"start":{"line":26,"column":22},"end":{"line":26,"column":73}},"9":{"start":{"line":27,"column":8},"end":{"line":28,"column":61}},"10":{"start":{"line":28,"column":10},"end":{"line":28,"column":61}},"11":{"start":{"line":29,"column":8},"end":{"line":30,"column":63}},"12":{"start":{"line":30,"column":10},"end":{"line":30,"column":63}},"13":{"start":{"line":31,"column":8},"end":{"line":31,"column":59}},"14":{"start":{"line":31,"column":19},"end":{"line":31,"column":59}},"15":{"start":{"line":33,"column":22},"end":{"line":33,"column":33}},"16":{"start":{"line":35,"column":8},"end":{"line":37,"column":9}},"17":{"start":{"line":36,"column":10},"end":{"line":36,"column":35}},"18":{"start":{"line":39,"column":8},"end":{"line":50,"column":11}},"19":{"start":{"line":52,"column":8},"end":{"line":52,"column":54}},"20":{"start":{"line":53,"column":8},"end":{"line":53,"column":65}},"21":{"start":{"line":55,"column":6},"end":{"line":55,"column":19}},"22":{"start":{"line":60,"column":6},"end":{"line":78,"column":7}},"23":{"start":{"line":61,"column":21},"end":{"line":61,"column":52}},"24":{"start":{"line":62,"column":25},"end":{"line":62,"column":66}},"25":{"start":{"line":63,"column":22},"end":{"line":63,"column":61}},"26":{"start":{"line":64,"column":23},"end":{"line":64,"column":63}},"27":{"start":{"line":66,"column":8},"end":{"line":72,"column":11}},"28":{"start":{"line":73,"column":8},"end":{"line":73,"column":21}},"29":{"start":{"line":75,"column":8},"end":{"line":75,"column":66}},"30":{"start":{"line":76,"column":8},"end":{"line":76,"column":66}},"31":{"start":{"line":77,"column":8},"end":{"line":77,"column":63}},"32":{"start":{"line":83,"column":6},"end":{"line":112,"column":7}},"33":{"start":{"line":84,"column":23},"end":{"line":84,"column":33}},"34":{"start":{"line":86,"column":21},"end":{"line":89,"column":57}},"35":{"start":{"line":91,"column":8},"end":{"line":95,"column":9}},"36":{"start":{"line":92,"column":10},"end":{"line":92,"column":40}},"37":{"start":{"line":93,"column":10},"end":{"line":93,"column":69}},"38":{"start":{"line":94,"column":10},"end":{"line":94,"column":42}},"39":{"start":{"line":97,"column":48},"end":{"line":97,"column":78}},"40":{"start":{"line":99,"column":8},"end":{"line":105,"column":11}},"41":{"start":{"line":107,"column":8},"end":{"line":107,"column":21}},"42":{"start":{"line":109,"column":8},"end":{"line":109,"column":53}},"43":{"start":{"line":110,"column":8},"end":{"line":110,"column":64}},"44":{"start":{"line":111,"column":8},"end":{"line":111,"column":40}},"45":{"start":{"line":117,"column":66},"end":{"line":117,"column":79}},"46":{"start":{"line":118,"column":31},"end":{"line":118,"column":39}},"47":{"start":{"line":120,"column":23},"end":{"line":122,"column":60}},"48":{"start":{"line":122,"column":42},"end":{"line":122,"column":59}},"49":{"start":{"line":124,"column":23},"end":{"line":130,"column":7}},"50":{"start":{"line":132,"column":6},"end":{"line":166,"column":7}},"51":{"start":{"line":133,"column":8},"end":{"line":149,"column":11}},"52":{"start":{"line":135,"column":12},"end":{"line":139,"column":18}},"53":{"start":{"line":141,"column":33},"end":{"line":144,"column":11}},"54":{"start":{"line":146,"column":10},"end":{"line":148,"column":65}},"55":{"start":{"line":151,"column":8},"end":{"line":151,"column":67}},"56":{"start":{"line":152,"column":8},"end":{"line":152,"column":33}},"57":{"start":{"line":154,"column":8},"end":{"line":154,"column":60}},"58":{"start":{"line":155,"column":8},"end":{"line":155,"column":66}},"59":{"start":{"line":157,"column":48},"end":{"line":157,"column":78}},"60":{"start":{"line":159,"column":8},"end":{"line":165,"column":11}},"61":{"start":{"line":168,"column":6},"end":{"line":168,"column":19}},"62":{"start":{"line":176,"column":23},"end":{"line":176,"column":44}},"63":{"start":{"line":177,"column":21},"end":{"line":180,"column":65}},"64":{"start":{"line":182,"column":8},"end":{"line":182,"column":45}},"65":{"start":{"line":183,"column":8},"end":{"line":183,"column":21}},"66":{"start":{"line":189,"column":21},"end":{"line":189,"column":42}},"67":{"start":{"line":196,"column":10},"end":{"line":196,"column":23}},"68":{"start":{"line":198,"column":6},"end":{"line":259,"column":7}},"69":{"start":{"line":199,"column":25},"end":{"line":202,"column":27}},"70":{"start":{"line":204,"column":8},"end":{"line":204,"column":52}},"71":{"start":{"line":205,"column":8},"end":{"line":205,"column":48}},"72":{"start":{"line":207,"column":8},"end":{"line":210,"column":9}},"73":{"start":{"line":208,"column":10},"end":{"line":208,"column":69}},"74":{"start":{"line":209,"column":10},"end":{"line":209,"column":58}},"75":{"start":{"line":212,"column":28},"end":{"line":219,"column":9}},"76":{"start":{"line":221,"column":25},"end":{"line":221,"column":79}},"77":{"start":{"line":221,"column":54},"end":{"line":221,"column":77}},"78":{"start":{"line":223,"column":8},"end":{"line":231,"column":11}},"79":{"start":{"line":224,"column":10},"end":{"line":230,"column":12}},"80":{"start":{"line":233,"column":8},"end":{"line":233,"column":65}},"81":{"start":{"line":234,"column":8},"end":{"line":234,"column":40}},"82":{"start":{"line":236,"column":8},"end":{"line":236,"column":53}},"83":{"start":{"line":237,"column":8},"end":{"line":237,"column":64}},"84":{"start":{"line":239,"column":46},"end":{"line":243,"column":10}},"85":{"start":{"line":245,"column":8},"end":{"line":258,"column":11}},"86":{"start":{"line":264,"column":6},"end":{"line":278,"column":7}},"87":{"start":{"line":265,"column":23},"end":{"line":265,"column":33}},"88":{"start":{"line":266,"column":21},"end":{"line":266,"column":73}},"89":{"start":{"line":267,"column":8},"end":{"line":270,"column":9}},"90":{"start":{"line":268,"column":10},"end":{"line":268,"column":71}},"91":{"start":{"line":269,"column":10},"end":{"line":269,"column":58}},"92":{"start":{"line":272,"column":8},"end":{"line":272,"column":37}},"93":{"start":{"line":273,"column":8},"end":{"line":273,"column":67}},"94":{"start":{"line":274,"column":8},"end":{"line":274,"column":33}},"95":{"start":{"line":276,"column":8},"end":{"line":276,"column":66}},"96":{"start":{"line":277,"column":8},"end":{"line":277,"column":63}}},"fnMap":{"0":{"name":"(anonymous_0)","decl":{"start":{"line":3,"column":15},"end":{"line":3,"column":16}},"loc":{"start":{"line":3,"column":24},"end":{"line":280,"column":1}},"line":3},"1":{"name":"(anonymous_1)","decl":{"start":{"line":6,"column":38},"end":{"line":6,"column":39}},"loc":{"start":{"line":6,"column":60},"end":{"line":56,"column":5}},"line":6},"2":{"name":"(anonymous_2)","decl":{"start":{"line":59,"column":44},"end":{"line":59,"column":45}},"loc":{"start":{"line":59,"column":66},"end":{"line":79,"column":5}},"line":59},"3":{"name":"(anonymous_3)","decl":{"start":{"line":82,"column":50},"end":{"line":82,"column":51}},"loc":{"start":{"line":82,"column":72},"end":{"line":113,"column":5}},"line":82},"4":{"name":"(anonymous_4)","decl":{"start":{"line":116,"column":44},"end":{"line":116,"column":45}},"loc":{"start":{"line":116,"column":66},"end":{"line":169,"column":5}},"line":116},"5":{"name":"(anonymous_5)","decl":{"start":{"line":122,"column":34},"end":{"line":122,"column":35}},"loc":{"start":{"line":122,"column":42},"end":{"line":122,"column":59}},"line":122},"6":{"name":"(anonymous_6)","decl":{"start":{"line":133,"column":52},"end":{"line":133,"column":53}},"loc":{"start":{"line":133,"column":67},"end":{"line":149,"column":9}},"line":133},"7":{"name":"(anonymous_7)","decl":{"start":{"line":175,"column":6},"end":{"line":175,"column":7}},"loc":{"start":{"line":175,"column":28},"end":{"line":184,"column":7}},"line":175},"8":{"name":"(anonymous_8)","decl":{"start":{"line":188,"column":49},"end":{"line":188,"column":50}},"loc":{"start":{"line":188,"column":71},"end":{"line":260,"column":5}},"line":188},"9":{"name":"(anonymous_9)","decl":{"start":{"line":221,"column":40},"end":{"line":221,"column":41}},"loc":{"start":{"line":221,"column":54},"end":{"line":221,"column":77}},"line":221},"10":{"name":"(anonymous_10)","decl":{"start":{"line":223,"column":52},"end":{"line":223,"column":53}},"loc":{"start":{"line":223,"column":67},"end":{"line":231,"column":9}},"line":223},"11":{"name":"(anonymous_11)","decl":{"start":{"line":263,"column":50},"end":{"line":263,"column":51}},"loc":{"start":{"line":263,"column":72},"end":{"line":279,"column":5}},"line":263}},"branchMap":{"0":{"loc":{"start":{"line":25,"column":8},"end":{"line":25,"column":67}},"type":"if","locations":[{"start":{"line":25,"column":8},"end":{"line":25,"column":67}},{"start":{},"end":{}}],"line":25},"1":{"loc":{"start":{"line":26,"column":8},"end":{"line":26,"column":73}},"type":"if","locations":[{"start":{"line":26,"column":8},"end":{"line":26,"column":73}},{"start":{},"end":{}}],"line":26},"2":{"loc":{"start":{"line":27,"column":8},"end":{"line":28,"column":61}},"type":"if","locations":[{"start":{"line":27,"column":8},"end":{"line":28,"column":61}},{"start":{},"end":{}}],"line":27},"3":{"loc":{"start":{"line":29,"column":8},"end":{"line":30,"column":63}},"type":"if","locations":[{"start":{"line":29,"column":8},"end":{"line":30,"column":63}},{"start":{},"end":{}}],"line":29},"4":{"loc":{"start":{"line":31,"column":8},"end":{"line":31,"column":59}},"type":"if","locations":[{"start":{"line":31,"column":8},"end":{"line":31,"column":59}},{"start":{},"end":{}}],"line":31},"5":{"loc":{"start":{"line":35,"column":8},"end":{"line":37,"column":9}},"type":"if","locations":[{"start":{"line":35,"column":8},"end":{"line":37,"column":9}},{"start":{},"end":{}}],"line":35},"6":{"loc":{"start":{"line":44,"column":17},"end":{"line":44,"column":32}},"type":"binary-expr","locations":[{"start":{"line":44,"column":17},"end":{"line":44,"column":26}},{"start":{"line":44,"column":30},"end":{"line":44,"column":32}}],"line":44},"7":{"loc":{"start":{"line":45,"column":26},"end":{"line":45,"column":38}},"type":"binary-expr","locations":[{"start":{"line":45,"column":26},"end":{"line":45,"column":32}},{"start":{"line":45,"column":36},"end":{"line":45,"column":38}}],"line":45},"8":{"loc":{"start":{"line":46,"column":28},"end":{"line":46,"column":42}},"type":"binary-expr","locations":[{"start":{"line":46,"column":28},"end":{"line":46,"column":36}},{"start":{"line":46,"column":40},"end":{"line":46,"column":42}}],"line":46},"9":{"loc":{"start":{"line":47,"column":25},"end":{"line":47,"column":36}},"type":"binary-expr","locations":[{"start":{"line":47,"column":25},"end":{"line":47,"column":30}},{"start":{"line":47,"column":34},"end":{"line":47,"column":36}}],"line":47},"10":{"loc":{"start":{"line":91,"column":8},"end":{"line":95,"column":9}},"type":"if","locations":[{"start":{"line":91,"column":8},"end":{"line":95,"column":9}},{"start":{},"end":{}}],"line":91},"11":{"loc":{"start":{"line":120,"column":23},"end":{"line":122,"column":60}},"type":"cond-expr","locations":[{"start":{"line":121,"column":10},"end":{"line":121,"column":28}},{"start":{"line":122,"column":10},"end":{"line":122,"column":60}}],"line":120},"12":{"loc":{"start":{"line":135,"column":12},"end":{"line":139,"column":18}},"type":"cond-expr","locations":[{"start":{"line":136,"column":16},"end":{"line":138,"column":42}},{"start":{"line":139,"column":16},"end":{"line":139,"column":18}}],"line":135},"13":{"loc":{"start":{"line":164,"column":18},"end":{"line":164,"column":34}},"type":"binary-expr","locations":[{"start":{"line":164,"column":18},"end":{"line":164,"column":28}},{"start":{"line":164,"column":32},"end":{"line":164,"column":34}}],"line":164},"14":{"loc":{"start":{"line":195,"column":16},"end":{"line":195,"column":31}},"type":"default-arg","locations":[{"start":{"line":195,"column":29},"end":{"line":195,"column":31}}],"line":195},"15":{"loc":{"start":{"line":207,"column":8},"end":{"line":210,"column":9}},"type":"if","locations":[{"start":{"line":207,"column":8},"end":{"line":210,"column":9}},{"start":{},"end":{}}],"line":207},"16":{"loc":{"start":{"line":257,"column":18},"end":{"line":257,"column":34}},"type":"binary-expr","locations":[{"start":{"line":257,"column":18},"end":{"line":257,"column":28}},{"start":{"line":257,"column":32},"end":{"line":257,"column":34}}],"line":257},"17":{"loc":{"start":{"line":267,"column":8},"end":{"line":270,"column":9}},"type":"if","locations":[{"start":{"line":267,"column":8},"end":{"line":270,"column":9}},{"start":{},"end":{}}],"line":267}},"s":{"0":33,"1":5,"2":5,"3":5,"4":5,"5":5,"6":2,"7":5,"8":2,"9":5,"10":0,"11":5,"12":0,"13":5,"14":2,"15":5,"16":5,"17":4,"18":1,"19":0,"20":0,"21":1,"22":1,"23":1,"24":1,"25":1,"26":1,"27":1,"28":1,"29":0,"30":0,"31":0,"32":0,"33":0,"34":0,"35":0,"36":0,"37":0,"38":0,"39":0,"40":0,"41":0,"42":0,"43":0,"44":0,"45":1,"46":1,"47":1,"48":1,"49":1,"50":1,"51":1,"52":1,"53":1,"54":1,"55":1,"56":1,"57":0,"58":0,"59":0,"60":0,"61":1,"62":1,"63":1,"64":1,"65":1,"66":1,"67":1,"68":1,"69":1,"70":1,"71":1,"72":1,"73":0,"74":0,"75":1,"76":1,"77":0,"78":1,"79":1,"80":1,"81":1,"82":0,"83":0,"84":0,"85":0,"86":1,"87":1,"88":1,"89":1,"90":0,"91":0,"92":1,"93":1,"94":1,"95":0,"96":0},"f":{"0":33,"1":5,"2":1,"3":0,"4":1,"5":1,"6":1,"7":1,"8":1,"9":0,"10":1,"11":1},"b":{"0":[2,3],"1":[2,3],"2":[0,5],"3":[0,5],"4":[2,3],"5":[4,1],"6":[1,0],"7":[1,1],"8":[1,1],"9":[1,1],"10":[0,0],"11":[0,1],"12":[0,1],"13":[0,0],"14":[1],"15":[0,1],"16":[0,0],"17":[0,1]},"_coverageSchema":"1a1c01bbd47fc00a2c39e90264f33305004495a9","hash":"b59c0b82b0f66a22ae0b0436332cd59d5cd36d56"}
,"/Users/nina/Documents/Reprositories/Hexlet_projects/taskManager/server/routes/users.js": {"path":"/Users/nina/Documents/Reprositories/Hexlet_projects/taskManager/server/routes/users.js","statementMap":{"0":{"start":{"line":4,"column":2},"end":{"line":115,"column":7}},"1":{"start":{"line":7,"column":20},"end":{"line":7,"column":59}},"2":{"start":{"line":8,"column":6},"end":{"line":8,"column":45}},"3":{"start":{"line":9,"column":6},"end":{"line":9,"column":19}},"4":{"start":{"line":14,"column":19},"end":{"line":14,"column":50}},"5":{"start":{"line":15,"column":6},"end":{"line":15,"column":42}},"6":{"start":{"line":20,"column":21},"end":{"line":20,"column":31}},"7":{"start":{"line":21,"column":6},"end":{"line":33,"column":7}},"8":{"start":{"line":22,"column":21},"end":{"line":22,"column":73}},"9":{"start":{"line":23,"column":8},"end":{"line":27,"column":9}},"10":{"start":{"line":24,"column":10},"end":{"line":24,"column":69}},"11":{"start":{"line":25,"column":10},"end":{"line":25,"column":51}},"12":{"start":{"line":26,"column":10},"end":{"line":26,"column":17}},"13":{"start":{"line":28,"column":8},"end":{"line":28,"column":57}},"14":{"start":{"line":30,"column":8},"end":{"line":30,"column":53}},"15":{"start":{"line":31,"column":8},"end":{"line":31,"column":64}},"16":{"start":{"line":32,"column":8},"end":{"line":32,"column":56}},"17":{"start":{"line":34,"column":6},"end":{"line":34,"column":19}},"18":{"start":{"line":39,"column":19},"end":{"line":39,"column":50}},"19":{"start":{"line":41,"column":6},"end":{"line":54,"column":7}},"20":{"start":{"line":42,"column":26},"end":{"line":44,"column":9}},"21":{"start":{"line":45,"column":8},"end":{"line":45,"column":66}},"22":{"start":{"line":47,"column":24},"end":{"line":47,"column":63}},"23":{"start":{"line":48,"column":8},"end":{"line":48,"column":35}},"24":{"start":{"line":50,"column":8},"end":{"line":50,"column":40}},"25":{"start":{"line":52,"column":8},"end":{"line":52,"column":66}},"26":{"start":{"line":53,"column":8},"end":{"line":53,"column":58}},"27":{"start":{"line":56,"column":6},"end":{"line":56,"column":19}},"28":{"start":{"line":61,"column":21},"end":{"line":61,"column":31}},"29":{"start":{"line":62,"column":26},"end":{"line":62,"column":39}},"30":{"start":{"line":63,"column":6},"end":{"line":78,"column":7}},"31":{"start":{"line":64,"column":21},"end":{"line":64,"column":73}},"32":{"start":{"line":65,"column":8},"end":{"line":68,"column":9}},"33":{"start":{"line":66,"column":10},"end":{"line":66,"column":69}},"34":{"start":{"line":67,"column":10},"end":{"line":67,"column":42}},"35":{"start":{"line":69,"column":8},"end":{"line":69,"column":47}},"36":{"start":{"line":70,"column":8},"end":{"line":70,"column":65}},"37":{"start":{"line":71,"column":8},"end":{"line":71,"column":33}},"38":{"start":{"line":73,"column":8},"end":{"line":73,"column":64}},"39":{"start":{"line":74,"column":8},"end":{"line":77,"column":11}},"40":{"start":{"line":83,"column":21},"end":{"line":83,"column":31}},"41":{"start":{"line":85,"column":6},"end":{"line":114,"column":7}},"42":{"start":{"line":86,"column":21},"end":{"line":86,"column":73}},"43":{"start":{"line":87,"column":8},"end":{"line":90,"column":9}},"44":{"start":{"line":88,"column":10},"end":{"line":88,"column":71}},"45":{"start":{"line":89,"column":10},"end":{"line":89,"column":58}},"46":{"start":{"line":92,"column":25},"end":{"line":96,"column":23}},"47":{"start":{"line":98,"column":8},"end":{"line":101,"column":9}},"48":{"start":{"line":99,"column":10},"end":{"line":99,"column":71}},"49":{"start":{"line":100,"column":10},"end":{"line":100,"column":42}},"50":{"start":{"line":103,"column":8},"end":{"line":106,"column":9}},"51":{"start":{"line":104,"column":10},"end":{"line":104,"column":29}},"52":{"start":{"line":105,"column":10},"end":{"line":105,"column":36}},"53":{"start":{"line":108,"column":8},"end":{"line":108,"column":37}},"54":{"start":{"line":109,"column":8},"end":{"line":109,"column":67}},"55":{"start":{"line":110,"column":8},"end":{"line":110,"column":40}},"56":{"start":{"line":112,"column":8},"end":{"line":112,"column":66}},"57":{"start":{"line":113,"column":8},"end":{"line":113,"column":40}}},"fnMap":{"0":{"name":"(anonymous_0)","decl":{"start":{"line":3,"column":15},"end":{"line":3,"column":16}},"loc":{"start":{"line":3,"column":24},"end":{"line":116,"column":1}},"line":3},"1":{"name":"(anonymous_1)","decl":{"start":{"line":6,"column":38},"end":{"line":6,"column":39}},"loc":{"start":{"line":6,"column":60},"end":{"line":10,"column":5}},"line":6},"2":{"name":"(anonymous_2)","decl":{"start":{"line":13,"column":44},"end":{"line":13,"column":45}},"loc":{"start":{"line":13,"column":60},"end":{"line":16,"column":5}},"line":13},"3":{"name":"(anonymous_3)","decl":{"start":{"line":19,"column":50},"end":{"line":19,"column":51}},"loc":{"start":{"line":19,"column":72},"end":{"line":35,"column":5}},"line":19},"4":{"name":"(anonymous_4)","decl":{"start":{"line":38,"column":39},"end":{"line":38,"column":40}},"loc":{"start":{"line":38,"column":61},"end":{"line":57,"column":5}},"line":38},"5":{"name":"(anonymous_5)","decl":{"start":{"line":60,"column":47},"end":{"line":60,"column":48}},"loc":{"start":{"line":60,"column":69},"end":{"line":79,"column":5}},"line":60},"6":{"name":"(anonymous_6)","decl":{"start":{"line":82,"column":50},"end":{"line":82,"column":51}},"loc":{"start":{"line":82,"column":72},"end":{"line":115,"column":5}},"line":82}},"branchMap":{"0":{"loc":{"start":{"line":23,"column":8},"end":{"line":27,"column":9}},"type":"if","locations":[{"start":{"line":23,"column":8},"end":{"line":27,"column":9}},{"start":{},"end":{}}],"line":23},"1":{"loc":{"start":{"line":65,"column":8},"end":{"line":68,"column":9}},"type":"if","locations":[{"start":{"line":65,"column":8},"end":{"line":68,"column":9}},{"start":{},"end":{}}],"line":65},"2":{"loc":{"start":{"line":87,"column":8},"end":{"line":90,"column":9}},"type":"if","locations":[{"start":{"line":87,"column":8},"end":{"line":90,"column":9}},{"start":{},"end":{}}],"line":87},"3":{"loc":{"start":{"line":98,"column":8},"end":{"line":101,"column":9}},"type":"if","locations":[{"start":{"line":98,"column":8},"end":{"line":101,"column":9}},{"start":{},"end":{}}],"line":98},"4":{"loc":{"start":{"line":103,"column":8},"end":{"line":106,"column":9}},"type":"if","locations":[{"start":{"line":103,"column":8},"end":{"line":106,"column":9}},{"start":{},"end":{}}],"line":103}},"s":{"0":33,"1":0,"2":0,"3":0,"4":1,"5":1,"6":0,"7":0,"8":0,"9":0,"10":0,"11":0,"12":0,"13":0,"14":0,"15":0,"16":0,"17":0,"18":1,"19":1,"20":1,"21":1,"22":1,"23":1,"24":1,"25":0,"26":0,"27":1,"28":1,"29":1,"30":1,"31":1,"32":1,"33":0,"34":0,"35":1,"36":1,"37":1,"38":0,"39":0,"40":1,"41":1,"42":1,"43":1,"44":0,"45":0,"46":1,"47":1,"48":0,"49":0,"50":1,"51":0,"52":0,"53":1,"54":1,"55":1,"56":0,"57":0},"f":{"0":33,"1":0,"2":1,"3":0,"4":1,"5":1,"6":1},"b":{"0":[0,0],"1":[0,1],"2":[0,1],"3":[0,1],"4":[0,1]},"_coverageSchema":"1a1c01bbd47fc00a2c39e90264f33305004495a9","hash":"1285966064ce617cbec5c56c18a86ad738b3ec97"}
,"/Users/nina/Documents/Reprositories/Hexlet_projects/taskManager/server/routes/welcome.js": {"path":"/Users/nina/Documents/Reprositories/Hexlet_projects/taskManager/server/routes/welcome.js","statementMap":{"0":{"start":{"line":2,"column":2},"end":{"line":12,"column":6}},"1":{"start":{"line":4,"column":6},"end":{"line":4,"column":36}},"2":{"start":{"line":10,"column":8},"end":{"line":10,"column":38}}},"fnMap":{"0":{"name":"(anonymous_0)","decl":{"start":{"line":1,"column":15},"end":{"line":1,"column":16}},"loc":{"start":{"line":1,"column":24},"end":{"line":13,"column":1}},"line":1},"1":{"name":"(anonymous_1)","decl":{"start":{"line":3,"column":32},"end":{"line":3,"column":33}},"loc":{"start":{"line":3,"column":48},"end":{"line":5,"column":5}},"line":3},"2":{"name":"(anonymous_2)","decl":{"start":{"line":9,"column":6},"end":{"line":9,"column":7}},"loc":{"start":{"line":9,"column":22},"end":{"line":11,"column":7}},"line":9}},"branchMap":{},"s":{"0":33,"1":1,"2":0},"f":{"0":33,"1":1,"2":0},"b":{},"_coverageSchema":"1a1c01bbd47fc00a2c39e90264f33305004495a9","hash":"a5c4a9958818a96fc7b065aac255fbc46a70148a"}
,"/Users/nina/Documents/Reprositories/Hexlet_projects/taskManager/server/utils/prepareTaskViewData.js": {"path":"/Users/nina/Documents/Reprositories/Hexlet_projects/taskManager/server/utils/prepareTaskViewData.js","statementMap":{"0":{"start":{"line":1,"column":28},"end":{"line":13,"column":1}},"1":{"start":{"line":2,"column":36},"end":{"line":6,"column":4}},"2":{"start":{"line":8,"column":2},"end":{"line":12,"column":4}}},"fnMap":{"0":{"name":"(anonymous_0)","decl":{"start":{"line":1,"column":28},"end":{"line":1,"column":29}},"loc":{"start":{"line":1,"column":43},"end":{"line":13,"column":1}},"line":1}},"branchMap":{"0":{"loc":{"start":{"line":9,"column":14},"end":{"line":9,"column":28}},"type":"binary-expr","locations":[{"start":{"line":9,"column":14},"end":{"line":9,"column":22}},{"start":{"line":9,"column":26},"end":{"line":9,"column":28}}],"line":9},"1":{"loc":{"start":{"line":10,"column":15},"end":{"line":10,"column":26}},"type":"binary-expr","locations":[{"start":{"line":10,"column":15},"end":{"line":10,"column":20}},{"start":{"line":10,"column":24},"end":{"line":10,"column":26}}],"line":10},"2":{"loc":{"start":{"line":11,"column":12},"end":{"line":11,"column":24}},"type":"binary-expr","locations":[{"start":{"line":11,"column":12},"end":{"line":11,"column":18}},{"start":{"line":11,"column":22},"end":{"line":11,"column":24}}],"line":11}},"s":{"0":8,"1":5,"2":5},"f":{"0":5},"b":{"0":[5,0],"1":[5,0],"2":[5,0]},"_coverageSchema":"1a1c01bbd47fc00a2c39e90264f33305004495a9","hash":"96d795f4104b0511b21051a1ece42a23fe258286"}
}
