TN:
SF:knexfile.js
FNF:0
FNH:0
DA:4,8
DA:6,8
DA:10,8
DA:19,8
DA:27,8
LF:5
LH:5
BRF:0
BRH:0
end_of_record
TN:
SF:server/helpers/index.js
FN:4,(anonymous_0)
FN:5,(anonymous_1)
FN:8,(anonymous_2)
FN:12,(anonymous_3)
FN:26,(anonymous_4)
FNF:5
FNH:4
FNDA:33,(anonymous_0)
FNDA:0,(anonymous_1)
FNDA:164,(anonymous_2)
FNDA:1,(anonymous_3)
FNDA:7,(anonymous_4)
DA:4,33
DA:6,0
DA:9,164
DA:13,1
DA:15,0
DA:17,0
DA:19,1
DA:21,0
DA:23,0
DA:27,7
DA:28,7
LF:11
LH:6
BRDA:13,0,0,0
BRDA:13,0,1,0
BRDA:13,0,2,1
BRDA:13,0,3,0
BRDA:13,0,4,0
BRF:5
BRH:1
end_of_record
TN:
SF:server/lib/secure.cjs
FN:6,(anonymous_0)
FNF:1
FNH:1
FNDA:219,(anonymous_0)
DA:1,8
DA:6,8
DA:7,219
LF:3
LH:3
BRF:0
BRH:0
end_of_record
TN:
SF:server/lib/passportStrategies/FormStrategy.js
FN:5,(anonymous_0)
FN:10,(anonymous_1)
FNF:2
FNH:2
FNDA:33,(anonymous_0)
FNDA:37,(anonymous_1)
DA:6,33
DA:7,33
DA:11,37
DA:12,1
DA:15,36
DA:16,36
DA:17,36
DA:18,36
DA:19,36
DA:20,35
DA:23,1
LF:11
LH:11
BRDA:11,0,0,1
BRDA:11,0,1,36
BRDA:19,1,0,35
BRDA:19,1,1,1
BRDA:19,2,0,36
BRDA:19,2,1,36
BRF:6
BRH:6
end_of_record
TN:
SF:server/locales/en/errors.js
FNF:0
FNH:0
LF:0
LH:0
BRF:0
BRH:0
end_of_record
TN:
SF:server/locales/en/flash.js
FNF:0
FNH:0
LF:0
LH:0
BRF:0
BRH:0
end_of_record
TN:
SF:server/locales/en/index.js
FNF:0
FNH:0
LF:0
LH:0
BRF:0
BRH:0
end_of_record
TN:
SF:server/locales/en/layouts.js
FNF:0
FNH:0
LF:0
LH:0
BRF:0
BRH:0
end_of_record
TN:
SF:server/locales/en/views/labels.js
FNF:0
FNH:0
LF:0
LH:0
BRF:0
BRH:0
end_of_record
TN:
SF:server/locales/en/views/session.js
FNF:0
FNH:0
LF:0
LH:0
BRF:0
BRH:0
end_of_record
TN:
SF:server/locales/en/views/statuses.js
FNF:0
FNH:0
LF:0
LH:0
BRF:0
BRH:0
end_of_record
TN:
SF:server/locales/en/views/tasks.js
FNF:0
FNH:0
LF:0
LH:0
BRF:0
BRH:0
end_of_record
TN:
SF:server/locales/en/views/users.js
FNF:0
FNH:0
LF:0
LH:0
BRF:0
BRH:0
end_of_record
TN:
SF:server/locales/en/views/welcome.js
FNF:0
FNH:0
LF:0
LH:0
BRF:0
BRH:0
end_of_record
TN:
SF:server/locales/ru/errors.js
FNF:0
FNH:0
LF:0
LH:0
BRF:0
BRH:0
end_of_record
TN:
SF:server/locales/ru/flash.js
FNF:0
FNH:0
LF:0
LH:0
BRF:0
BRH:0
end_of_record
TN:
SF:server/locales/ru/index.js
FNF:0
FNH:0
LF:0
LH:0
BRF:0
BRH:0
end_of_record
TN:
SF:server/locales/ru/layouts.js
FNF:0
FNH:0
LF:0
LH:0
BRF:0
BRH:0
end_of_record
TN:
SF:server/locales/ru/views/labels.js
FNF:0
FNH:0
LF:0
LH:0
BRF:0
BRH:0
end_of_record
TN:
SF:server/locales/ru/views/session.js
FNF:0
FNH:0
LF:0
LH:0
BRF:0
BRH:0
end_of_record
TN:
SF:server/locales/ru/views/statuses.js
FNF:0
FNH:0
LF:0
LH:0
BRF:0
BRH:0
end_of_record
TN:
SF:server/locales/ru/views/tasks.js
FNF:0
FNH:0
LF:0
LH:0
BRF:0
BRH:0
end_of_record
TN:
SF:server/locales/ru/views/users.js
FNF:0
FNH:0
LF:0
LH:0
BRF:0
BRH:0
end_of_record
TN:
SF:server/locales/ru/views/welcome.js
FNF:0
FNH:0
LF:0
LH:0
BRF:0
BRH:0
end_of_record
TN:
SF:server/migrations/20200716171734_create_users_table.js
FN:1,(anonymous_0)
FN:2,(anonymous_1)
FN:12,(anonymous_2)
FNF:3
FNH:3
FNDA:56,(anonymous_0)
FNDA:56,(anonymous_1)
FNDA:25,(anonymous_2)
DA:1,8
DA:2,56
DA:3,56
DA:4,56
DA:5,56
DA:6,56
DA:7,56
DA:8,56
DA:9,56
DA:12,25
LF:10
LH:10
BRF:0
BRH:0
end_of_record
TN:
SF:server/migrations/create_labels_table.js
FN:1,(anonymous_0)
FN:2,(anonymous_1)
FN:9,(anonymous_2)
FNF:3
FNH:3
FNDA:56,(anonymous_0)
FNDA:56,(anonymous_1)
FNDA:25,(anonymous_2)
DA:1,8
DA:2,56
DA:3,56
DA:4,56
DA:5,56
DA:6,56
DA:9,25
LF:7
LH:7
BRF:0
BRH:0
end_of_record
TN:
SF:server/migrations/create_statuses_table.js
FN:1,(anonymous_0)
FN:2,(anonymous_1)
FN:9,(anonymous_2)
FNF:3
FNH:3
FNDA:56,(anonymous_0)
FNDA:56,(anonymous_1)
FNDA:25,(anonymous_2)
DA:1,8
DA:2,56
DA:3,56
DA:4,56
DA:5,56
DA:6,56
DA:9,25
LF:7
LH:7
BRF:0
BRH:0
end_of_record
TN:
SF:server/migrations/create_tasks_labels.js
FN:1,(anonymous_0)
FN:2,(anonymous_1)
FN:20,(anonymous_2)
FNF:3
FNH:3
FNDA:56,(anonymous_0)
FNDA:56,(anonymous_1)
FNDA:25,(anonymous_2)
DA:1,8
DA:2,56
DA:3,56
DA:4,56
DA:10,56
DA:16,56
DA:20,8
DA:21,25
LF:8
LH:8
BRF:0
BRH:0
end_of_record
TN:
SF:server/migrations/create_tasks_table.js
FN:1,(anonymous_0)
FN:2,(anonymous_1)
FN:28,(anonymous_2)
FNF:3
FNH:3
FNDA:56,(anonymous_0)
FNDA:56,(anonymous_1)
FNDA:25,(anonymous_2)
DA:1,8
DA:2,56
DA:3,56
DA:4,56
DA:5,56
DA:6,56
DA:12,56
DA:18,56
DA:23,56
DA:24,56
DA:28,8
DA:29,25
LF:12
LH:12
BRF:0
BRH:0
end_of_record
TN:
SF:server/models/BaseModel.cjs
FN:4,(anonymous_0)
FNF:1
FNH:1
FNDA:10,(anonymous_0)
DA:1,8
DA:3,8
DA:5,10
LF:3
LH:3
BRF:0
BRH:0
end_of_record
TN:
SF:server/models/Label.cjs
FN:7,(anonymous_0)
FN:11,(anonymous_1)
FN:22,(anonymous_2)
FNF:3
FNH:3
FNDA:206,(anonymous_0)
FNDA:3,(anonymous_1)
FNDA:1,(anonymous_2)
DA:1,8
DA:2,8
DA:4,8
DA:6,8
DA:8,206
DA:12,3
DA:23,1
LF:7
LH:7
BRF:0
BRH:0
end_of_record
TN:
SF:server/models/Status.cjs
FN:7,(anonymous_0)
FN:11,(anonymous_1)
FN:22,(anonymous_2)
FNF:3
FNH:3
FNDA:195,(anonymous_0)
FNDA:3,(anonymous_1)
FNDA:1,(anonymous_2)
DA:1,8
DA:2,8
DA:4,8
DA:6,8
DA:8,195
DA:12,3
DA:23,1
LF:7
LH:7
BRF:0
BRH:0
end_of_record
TN:
SF:server/models/Task.cjs
FN:4,(anonymous_0)
FN:9,(anonymous_1)
FN:12,(anonymous_2)
FN:15,(anonymous_3)
FN:18,(anonymous_4)
FN:23,(anonymous_5)
FN:39,(anonymous_6)
FNF:7
FNH:3
FNDA:298,(anonymous_0)
FNDA:0,(anonymous_1)
FNDA:0,(anonymous_2)
FNDA:0,(anonymous_3)
FNDA:0,(anonymous_4)
FNDA:5,(anonymous_5)
FNDA:5,(anonymous_6)
DA:1,8
DA:3,8
DA:5,298
DA:8,8
DA:10,0
DA:13,0
DA:16,0
DA:19,0
DA:24,5
DA:40,5
LF:10
LH:6
BRF:0
BRH:0
end_of_record
TN:
SF:server/models/User.cjs
FN:8,(anonymous_0)
FN:12,(anonymous_1)
FN:26,(anonymous_2)
FN:30,(anonymous_3)
FN:51,(anonymous_4)
FNF:5
FNH:5
FNDA:468,(anonymous_0)
FNDA:7,(anonymous_1)
FNDA:2,(anonymous_2)
FNDA:1,(anonymous_3)
FNDA:36,(anonymous_4)
DA:1,8
DA:2,8
DA:3,8
DA:5,8
DA:7,8
DA:9,468
DA:13,7
DA:27,2
DA:31,1
DA:52,36
LF:10
LH:10
BRF:0
BRH:0
end_of_record
TN:
SF:server/models/index.js
FNF:0
FNH:0
LF:0
LH:0
BRF:0
BRH:0
end_of_record
TN:
SF:server/plugin/init.js
FN:8,(anonymous_0)
FNF:1
FNH:1
FNDA:33,(anonymous_0)
DA:8,8
DA:9,33
DA:10,33
DA:11,33
DA:12,33
DA:13,33
DA:14,33
DA:16,33
LF:8
LH:8
BRF:0
BRH:0
end_of_record
TN:
SF:server/plugin/config/setupLocalization.js
FN:16,localizationPlugin
FN:17,(anonymous_1)
FN:21,(anonymous_2)
FNF:3
FNH:2
FNDA:33,localizationPlugin
FNDA:63,(anonymous_1)
FNDA:0,(anonymous_2)
DA:7,8
DA:17,33
DA:18,63
DA:21,33
DA:22,0
DA:23,0
DA:24,0
DA:25,0
LF:8
LH:4
BRDA:25,0,0,0
BRDA:25,0,1,0
BRF:2
BRH:0
end_of_record
TN:
SF:server/plugin/config/setupStaticAssets.js
FN:7,(anonymous_0)
FNF:1
FNH:1
FNDA:33,(anonymous_0)
DA:5,8
DA:7,8
DA:8,33
DA:9,33
DA:10,33
LF:5
LH:5
BRF:0
BRH:0
end_of_record
TN:
SF:server/plugin/config/setupViews.js
FN:9,(anonymous_0)
FN:16,(anonymous_1)
FN:22,render
FNF:3
FNH:3
FNDA:33,(anonymous_0)
FNDA:25,(anonymous_1)
FNDA:11,render
DA:7,8
DA:9,8
DA:10,33
DA:11,33
DA:16,25
DA:22,33
DA:23,11
LF:7
LH:7
BRF:0
BRH:0
end_of_record
TN:
SF:server/plugin/middlewares/addhooks.js
FN:1,(anonymous_0)
FN:2,(anonymous_1)
FN:4,(anonymous_2)
FN:8,(anonymous_3)
FNF:4
FNH:4
FNDA:33,(anonymous_0)
FNDA:63,(anonymous_1)
FNDA:11,(anonymous_2)
FNDA:63,(anonymous_3)
DA:1,8
DA:2,33
DA:3,63
DA:4,11
DA:8,33
DA:9,63
DA:10,63
LF:7
LH:7
BRF:0
BRH:0
end_of_record
TN:
SF:server/plugin/plugins/registerPlugins.js
FN:17,(anonymous_0)
FN:43,(anonymous_1)
FN:46,(anonymous_2)
FN:54,(anonymous_3)
FN:60,(anonymous_4)
FNF:5
FNH:5
FNDA:33,(anonymous_0)
FNDA:2,(anonymous_1)
FNDA:35,(anonymous_2)
FNDA:1,(anonymous_3)
FNDA:34,(anonymous_4)
DA:15,8
DA:17,8
DA:18,33
DA:20,33
DA:26,33
DA:28,33
DA:37,33
DA:43,33
DA:44,2
DA:46,35
DA:47,33
DA:49,33
DA:50,33
DA:53,33
DA:54,33
DA:55,1
DA:60,33
DA:61,34
DA:66,34
DA:69,33
LF:20
LH:20
BRDA:66,0,0,34
BRDA:66,0,1,1
BRDA:70,1,0,33
BRDA:70,1,1,0
BRF:4
BRH:3
end_of_record
TN:
SF:server/routes/index.js
FN:10,(anonymous_0)
FN:10,(anonymous_1)
FNF:2
FNH:2
FNDA:33,(anonymous_0)
FNDA:198,(anonymous_1)
DA:8,8
DA:10,198
LF:2
LH:2
BRF:0
BRH:0
end_of_record
TN:
SF:server/routes/labels.js
FN:3,(anonymous_0)
FN:6,(anonymous_1)
FN:13,(anonymous_2)
FN:19,(anonymous_3)
FN:39,(anonymous_4)
FN:58,(anonymous_5)
FN:80,(anonymous_6)
FNF:7
FNH:6
FNDA:33,(anonymous_0)
FNDA:1,(anonymous_1)
FNDA:1,(anonymous_2)
FNDA:0,(anonymous_3)
FNDA:1,(anonymous_4)
FNDA:1,(anonymous_5)
FNDA:1,(anonymous_6)
DA:4,33
DA:7,1
DA:8,1
DA:9,1
DA:14,1
DA:15,1
DA:20,0
DA:21,0
DA:22,0
DA:23,0
DA:24,0
DA:25,0
DA:26,0
DA:28,0
DA:29,0
DA:31,0
DA:32,0
DA:33,0
DA:35,0
DA:40,1
DA:42,1
DA:43,1
DA:46,1
DA:47,1
DA:48,1
DA:50,0
DA:51,0
DA:54,1
DA:59,1
DA:60,1
DA:61,1
DA:62,1
DA:63,1
DA:64,0
DA:65,0
DA:67,1
DA:68,1
DA:69,1
DA:71,0
DA:72,0
DA:81,1
DA:82,1
DA:83,1
DA:88,1
DA:89,0
DA:90,0
DA:93,1
DA:94,0
DA:95,0
DA:98,1
DA:99,1
DA:100,1
DA:102,0
DA:103,0
LF:54
LH:29
BRDA:23,0,0,0
BRDA:23,0,1,0
BRDA:63,1,0,0
BRDA:63,1,1,1
BRDA:88,2,0,0
BRDA:88,2,1,1
BRDA:93,3,0,0
BRDA:93,3,1,1
BRF:8
BRH:3
end_of_record
TN:
SF:server/routes/session.js
FN:3,(anonymous_0)
FN:5,(anonymous_1)
FN:12,(anonymous_2)
FN:32,(anonymous_3)
FNF:4
FNH:4
FNDA:33,(anonymous_0)
FNDA:1,(anonymous_1)
FNDA:36,(anonymous_2)
FNDA:1,(anonymous_3)
DA:4,33
DA:6,1
DA:7,1
DA:13,36
DA:14,0
DA:16,36
DA:17,1
DA:18,1
DA:21,1
DA:22,1
DA:24,35
DA:25,35
DA:26,35
DA:27,35
DA:28,35
DA:33,1
DA:34,1
DA:35,1
LF:18
LH:17
BRDA:13,0,0,0
BRDA:13,0,1,36
BRDA:16,1,0,1
BRDA:16,1,1,35
BRF:4
BRH:3
end_of_record
TN:
SF:server/routes/statuses.js
FN:3,(anonymous_0)
FN:6,(anonymous_1)
FN:13,(anonymous_2)
FN:19,(anonymous_3)
FN:39,(anonymous_4)
FN:58,(anonymous_5)
FN:80,(anonymous_6)
FNF:7
FNH:6
FNDA:33,(anonymous_0)
FNDA:1,(anonymous_1)
FNDA:1,(anonymous_2)
FNDA:0,(anonymous_3)
FNDA:1,(anonymous_4)
FNDA:1,(anonymous_5)
FNDA:1,(anonymous_6)
DA:4,33
DA:7,1
DA:8,1
DA:9,1
DA:14,1
DA:15,1
DA:20,0
DA:21,0
DA:22,0
DA:23,0
DA:24,0
DA:25,0
DA:26,0
DA:28,0
DA:29,0
DA:31,0
DA:32,0
DA:33,0
DA:35,0
DA:40,1
DA:42,1
DA:43,1
DA:46,1
DA:47,1
DA:48,1
DA:50,0
DA:51,0
DA:54,1
DA:59,1
DA:60,1
DA:61,1
DA:62,1
DA:63,1
DA:64,0
DA:65,0
DA:67,1
DA:68,1
DA:69,1
DA:71,0
DA:72,0
DA:81,1
DA:82,1
DA:83,1
DA:88,1
DA:89,0
DA:90,0
DA:92,1
DA:93,0
DA:94,0
DA:96,1
DA:97,1
DA:98,1
DA:100,0
DA:101,0
LF:54
LH:29
BRDA:23,0,0,0
BRDA:23,0,1,0
BRDA:63,1,0,0
BRDA:63,1,1,1
BRDA:88,2,0,0
BRDA:88,2,1,1
BRDA:92,3,0,0
BRDA:92,3,1,1
BRF:8
BRH:3
end_of_record
TN:
SF:server/routes/tasks.js
FN:3,(anonymous_0)
FN:6,(anonymous_1)
FN:59,(anonymous_2)
FN:82,(anonymous_3)
FN:116,(anonymous_4)
FN:122,(anonymous_5)
FN:133,(anonymous_6)
FN:175,(anonymous_7)
FN:188,(anonymous_8)
FN:221,(anonymous_9)
FN:223,(anonymous_10)
FN:263,(anonymous_11)
FNF:12
FNH:10
FNDA:33,(anonymous_0)
FNDA:5,(anonymous_1)
FNDA:1,(anonymous_2)
FNDA:0,(anonymous_3)
FNDA:1,(anonymous_4)
FNDA:1,(anonymous_5)
FNDA:1,(anonymous_6)
FNDA:1,(anonymous_7)
FNDA:1,(anonymous_8)
FNDA:0,(anonymous_9)
FNDA:1,(anonymous_10)
FNDA:1,(anonymous_11)
DA:4,33
DA:8,5
DA:10,5
DA:11,5
DA:13,5
DA:25,5
DA:26,5
DA:27,5
DA:28,0
DA:29,5
DA:30,0
DA:31,5
DA:33,5
DA:35,5
DA:36,4
DA:39,1
DA:52,0
DA:53,0
DA:55,1
DA:60,1
DA:61,1
DA:62,1
DA:63,1
DA:64,1
DA:66,1
DA:73,1
DA:75,0
DA:76,0
DA:77,0
DA:83,0
DA:84,0
DA:86,0
DA:91,0
DA:92,0
DA:93,0
DA:94,0
DA:97,0
DA:99,0
DA:107,0
DA:109,0
DA:110,0
DA:111,0
DA:117,1
DA:118,1
DA:120,1
DA:122,1
DA:124,1
DA:132,1
DA:133,1
DA:135,1
DA:141,1
DA:146,1
DA:151,1
DA:152,1
DA:154,0
DA:155,0
DA:157,0
DA:159,0
DA:168,1
DA:176,1
DA:177,1
DA:182,1
DA:183,1
DA:189,1
DA:196,1
DA:198,1
DA:199,1
DA:204,1
DA:205,1
DA:207,1
DA:208,0
DA:209,0
DA:212,1
DA:221,1
DA:223,1
DA:224,1
DA:233,1
DA:234,1
DA:236,0
DA:237,0
DA:239,0
DA:245,0
DA:264,1
DA:265,1
DA:266,1
DA:267,1
DA:268,0
DA:269,0
DA:272,1
DA:273,1
DA:274,1
DA:276,0
DA:277,0
LF:93
LH:59
BRDA:25,0,0,2
BRDA:25,0,1,3
BRDA:26,1,0,2
BRDA:26,1,1,3
BRDA:27,2,0,0
BRDA:27,2,1,5
BRDA:29,3,0,0
BRDA:29,3,1,5
BRDA:31,4,0,2
BRDA:31,4,1,3
BRDA:35,5,0,4
BRDA:35,5,1,1
BRDA:44,6,0,1
BRDA:44,6,1,0
BRDA:45,7,0,1
BRDA:45,7,1,1
BRDA:46,8,0,1
BRDA:46,8,1,1
BRDA:47,9,0,1
BRDA:47,9,1,1
BRDA:91,10,0,0
BRDA:91,10,1,0
BRDA:120,11,0,0
BRDA:120,11,1,1
BRDA:135,12,0,0
BRDA:135,12,1,1
BRDA:164,13,0,0
BRDA:164,13,1,0
BRDA:195,14,0,1
BRDA:207,15,0,0
BRDA:207,15,1,1
BRDA:257,16,0,0
BRDA:257,16,1,0
BRDA:267,17,0,0
BRDA:267,17,1,1
BRF:35
BRH:22
end_of_record
TN:
SF:server/routes/users.js
FN:3,(anonymous_0)
FN:6,(anonymous_1)
FN:13,(anonymous_2)
FN:19,(anonymous_3)
FN:38,(anonymous_4)
FN:60,(anonymous_5)
FN:82,(anonymous_6)
FNF:7
FNH:5
FNDA:33,(anonymous_0)
FNDA:0,(anonymous_1)
FNDA:1,(anonymous_2)
FNDA:0,(anonymous_3)
FNDA:1,(anonymous_4)
FNDA:1,(anonymous_5)
FNDA:1,(anonymous_6)
DA:4,33
DA:7,0
DA:8,0
DA:9,0
DA:14,1
DA:15,1
DA:20,0
DA:21,0
DA:22,0
DA:23,0
DA:24,0
DA:25,0
DA:26,0
DA:28,0
DA:30,0
DA:31,0
DA:32,0
DA:34,0
DA:39,1
DA:41,1
DA:42,1
DA:45,1
DA:47,1
DA:48,1
DA:50,1
DA:52,0
DA:53,0
DA:56,1
DA:61,1
DA:62,1
DA:63,1
DA:64,1
DA:65,1
DA:66,0
DA:67,0
DA:69,1
DA:70,1
DA:71,1
DA:73,0
DA:74,0
DA:83,1
DA:85,1
DA:86,1
DA:87,1
DA:88,0
DA:89,0
DA:92,1
DA:98,1
DA:99,0
DA:100,0
DA:103,1
DA:104,0
DA:105,0
DA:108,1
DA:109,1
DA:110,1
DA:112,0
DA:113,0
LF:58
LH:29
BRDA:23,0,0,0
BRDA:23,0,1,0
BRDA:65,1,0,0
BRDA:65,1,1,1
BRDA:87,2,0,0
BRDA:87,2,1,1
BRDA:98,3,0,0
BRDA:98,3,1,1
BRDA:103,4,0,0
BRDA:103,4,1,1
BRF:10
BRH:4
end_of_record
TN:
SF:server/routes/welcome.js
FN:1,(anonymous_0)
FN:3,(anonymous_1)
FN:9,(anonymous_2)
FNF:3
FNH:2
FNDA:33,(anonymous_0)
FNDA:1,(anonymous_1)
FNDA:0,(anonymous_2)
DA:2,33
DA:4,1
DA:10,0
LF:3
LH:2
BRF:0
BRH:0
end_of_record
TN:
SF:server/utils/prepareTaskViewData.js
FN:1,(anonymous_0)
FNF:1
FNH:1
FNDA:5,(anonymous_0)
DA:1,8
DA:2,5
DA:8,5
LF:3
LH:3
BRDA:9,0,0,5
BRDA:9,0,1,0
BRDA:10,1,0,5
BRDA:10,1,1,0
BRDA:11,2,0,5
BRDA:11,2,1,0
BRF:6
BRH:3
end_of_record
